[2026-06-13T22:28:04.257+0000] {manager.py:483} INFO - Processing files using up to 2 processes at a time 
[2026-06-13T22:28:04.257+0000] {manager.py:484} INFO - Process each file at most once every 30 seconds
[2026-06-13T22:28:04.258+0000] {manager.py:485} INFO - Checking for new files in /opt/airflow/dags every 300 seconds
[2026-06-13T22:28:04.258+0000] {manager.py:821} INFO - Searching for files in /opt/airflow/dags
[2026-06-13T22:28:04.265+0000] {manager.py:824} INFO - There are 1 files in /opt/airflow/dags
[2026-06-13T22:28:04.329+0000] {manager.py:997} INFO - 
================================================================================
DAG File Processing Stats

File Path                            PID  Runtime      # DAGs    # Errors  Last Runtime    Last Run      Last # of DB Queries
---------------------------------  -----  ---------  --------  ----------  --------------  ----------  ----------------------
/opt/airflow/dags/poc_pipeline.py    158  0.02s             0           0                                                   0
================================================================================
[2026-06-13T22:28:34.495+0000] {manager.py:997} INFO - 
================================================================================
DAG File Processing Stats

File Path                          PID    Runtime      # DAGs    # Errors  Last Runtime    Last Run               Last # of DB Queries
---------------------------------  -----  ---------  --------  ----------  --------------  -------------------  ----------------------
/opt/airflow/dags/poc_pipeline.py                           1           0  0.30s           2026-06-13T22:28:04                      43
================================================================================
[2026-06-13T22:29:04.974+0000] {manager.py:997} INFO - 
================================================================================
DAG File Processing Stats

File Path                            PID  Runtime      # DAGs    # Errors  Last Runtime    Last Run               Last # of DB Queries
---------------------------------  -----  ---------  --------  ----------  --------------  -------------------  ----------------------
/opt/airflow/dags/poc_pipeline.py    168  0.01s             1           0  0.10s           2026-06-13T22:28:34                      10
================================================================================
[2026-06-13T22:29:35.228+0000] {manager.py:997} INFO - 
================================================================================
DAG File Processing Stats

File Path                            PID  Runtime      # DAGs    # Errors  Last Runtime    Last Run               Last # of DB Queries
---------------------------------  -----  ---------  --------  ----------  --------------  -------------------  ----------------------
/opt/airflow/dags/poc_pipeline.py    173  0.01s             1           0  0.12s           2026-06-13T22:29:05                      10
================================================================================
[2026-06-13T22:30:05.453+0000] {manager.py:997} INFO - 
================================================================================
DAG File Processing Stats

File Path                            PID  Runtime      # DAGs    # Errors  Last Runtime    Last Run               Last # of DB Queries
---------------------------------  -----  ---------  --------  ----------  --------------  -------------------  ----------------------
/opt/airflow/dags/poc_pipeline.py    178  0.00s             1           0  0.11s           2026-06-13T22:29:35                      10
================================================================================
[2026-06-13T22:30:35.685+0000] {manager.py:997} INFO - 
================================================================================
DAG File Processing Stats

File Path                            PID  Runtime      # DAGs    # Errors  Last Runtime    Last Run               Last # of DB Queries
---------------------------------  -----  ---------  --------  ----------  --------------  -------------------  ----------------------
/opt/airflow/dags/poc_pipeline.py    183  0.00s             1           0  0.10s           2026-06-13T22:30:05                      10
================================================================================
[2026-06-13T22:31:05.922+0000] {manager.py:997} INFO - 
================================================================================
DAG File Processing Stats

File Path                            PID  Runtime      # DAGs    # Errors  Last Runtime    Last Run               Last # of DB Queries
---------------------------------  -----  ---------  --------  ----------  --------------  -------------------  ----------------------
/opt/airflow/dags/poc_pipeline.py    188  0.01s             1           0  0.11s           2026-06-13T22:30:35                      10
================================================================================
[2026-06-13T22:31:36.174+0000] {manager.py:997} INFO - 
================================================================================
DAG File Processing Stats

File Path                            PID  Runtime      # DAGs    # Errors  Last Runtime    Last Run               Last # of DB Queries
---------------------------------  -----  ---------  --------  ----------  --------------  -------------------  ----------------------
/opt/airflow/dags/poc_pipeline.py    193  0.01s             1           0  0.11s           2026-06-13T22:31:06                      10
================================================================================
[2026-06-13T22:32:06.409+0000] {manager.py:997} INFO - 
================================================================================
DAG File Processing Stats

File Path                            PID  Runtime      # DAGs    # Errors  Last Runtime    Last Run               Last # of DB Queries
---------------------------------  -----  ---------  --------  ----------  --------------  -------------------  ----------------------
/opt/airflow/dags/poc_pipeline.py    198  0.00s             1           0  0.10s           2026-06-13T22:31:36                      10
================================================================================
[2026-06-13T22:32:36.623+0000] {manager.py:997} INFO - 
================================================================================
DAG File Processing Stats

File Path                            PID  Runtime      # DAGs    # Errors  Last Runtime    Last Run               Last # of DB Queries
---------------------------------  -----  ---------  --------  ----------  --------------  -------------------  ----------------------
/opt/airflow/dags/poc_pipeline.py    203  0.01s             1           0  0.10s           2026-06-13T22:32:06                      10
================================================================================
[2026-06-13T22:33:04.858+0000] {manager.py:821} INFO - Searching for files in /opt/airflow/dags
[2026-06-13T22:33:04.871+0000] {manager.py:824} INFO - There are 1 files in /opt/airflow/dags
[2026-06-13T22:33:06.902+0000] {manager.py:997} INFO - 
================================================================================
DAG File Processing Stats

File Path                            PID  Runtime      # DAGs    # Errors  Last Runtime    Last Run               Last # of DB Queries
---------------------------------  -----  ---------  --------  ----------  --------------  -------------------  ----------------------
/opt/airflow/dags/poc_pipeline.py    208  0.01s             1           0  0.11s           2026-06-13T22:32:36                      10
================================================================================
[2026-06-13T22:33:37.117+0000] {manager.py:997} INFO - 
================================================================================
DAG File Processing Stats

File Path                            PID  Runtime      # DAGs    # Errors  Last Runtime    Last Run               Last # of DB Queries
---------------------------------  -----  ---------  --------  ----------  --------------  -------------------  ----------------------
/opt/airflow/dags/poc_pipeline.py    213  0.01s             1           0  0.12s           2026-06-13T22:33:07                      10
================================================================================
[2026-06-13T22:34:07.391+0000] {manager.py:997} INFO - 
================================================================================
DAG File Processing Stats

File Path                            PID  Runtime      # DAGs    # Errors  Last Runtime    Last Run               Last # of DB Queries
---------------------------------  -----  ---------  --------  ----------  --------------  -------------------  ----------------------
/opt/airflow/dags/poc_pipeline.py    218  0.01s             1           0  0.11s           2026-06-13T22:33:37                      10
================================================================================
[2026-06-13T22:34:37.595+0000] {manager.py:997} INFO - 
================================================================================
DAG File Processing Stats

File Path                            PID  Runtime      # DAGs    # Errors  Last Runtime    Last Run               Last # of DB Queries
---------------------------------  -----  ---------  --------  ----------  --------------  -------------------  ----------------------
/opt/airflow/dags/poc_pipeline.py    229  0.01s             1           0  0.11s           2026-06-13T22:34:07                      10
================================================================================
[2026-06-13T22:35:07.865+0000] {manager.py:997} INFO - 
================================================================================
DAG File Processing Stats

File Path                            PID  Runtime      # DAGs    # Errors  Last Runtime    Last Run               Last # of DB Queries
---------------------------------  -----  ---------  --------  ----------  --------------  -------------------  ----------------------
/opt/airflow/dags/poc_pipeline.py    234  0.00s             1           0  0.11s           2026-06-13T22:34:37                      10
================================================================================
[2026-06-13T22:35:38.071+0000] {manager.py:997} INFO - 
================================================================================
DAG File Processing Stats

File Path                            PID  Runtime      # DAGs    # Errors  Last Runtime    Last Run               Last # of DB Queries
---------------------------------  -----  ---------  --------  ----------  --------------  -------------------  ----------------------
/opt/airflow/dags/poc_pipeline.py    239  0.01s             1           0  0.09s           2026-06-13T22:35:07                      10
================================================================================
[2026-06-13T22:36:08.316+0000] {manager.py:997} INFO - 
================================================================================
DAG File Processing Stats

File Path                            PID  Runtime      # DAGs    # Errors  Last Runtime    Last Run               Last # of DB Queries
---------------------------------  -----  ---------  --------  ----------  --------------  -------------------  ----------------------
/opt/airflow/dags/poc_pipeline.py    244  0.00s             1           0  0.12s           2026-06-13T22:35:38                      10
================================================================================
[2026-06-13T22:36:38.538+0000] {manager.py:997} INFO - 
================================================================================
DAG File Processing Stats

File Path                            PID  Runtime      # DAGs    # Errors  Last Runtime    Last Run               Last # of DB Queries
---------------------------------  -----  ---------  --------  ----------  --------------  -------------------  ----------------------
/opt/airflow/dags/poc_pipeline.py    249  0.00s             1           0  0.11s           2026-06-13T22:36:08                      10
================================================================================
[2026-06-13T22:37:08.782+0000] {manager.py:997} INFO - 
================================================================================
DAG File Processing Stats

File Path                            PID  Runtime      # DAGs    # Errors  Last Runtime    Last Run               Last # of DB Queries
---------------------------------  -----  ---------  --------  ----------  --------------  -------------------  ----------------------
/opt/airflow/dags/poc_pipeline.py    254  0.01s             1           0  0.10s           2026-06-13T22:36:38                      10
================================================================================
[2026-06-13T22:37:38.992+0000] {manager.py:997} INFO - 
================================================================================
DAG File Processing Stats

File Path                            PID  Runtime      # DAGs    # Errors  Last Runtime    Last Run               Last # of DB Queries
---------------------------------  -----  ---------  --------  ----------  --------------  -------------------  ----------------------
/opt/airflow/dags/poc_pipeline.py    259  0.01s             1           0  0.11s           2026-06-13T22:37:08                      10
================================================================================
[2026-06-13T22:38:05.212+0000] {manager.py:821} INFO - Searching for files in /opt/airflow/dags
[2026-06-13T22:38:05.224+0000] {manager.py:824} INFO - There are 1 files in /opt/airflow/dags
[2026-06-13T22:38:09.262+0000] {manager.py:997} INFO - 
================================================================================
DAG File Processing Stats

File Path                            PID  Runtime      # DAGs    # Errors  Last Runtime    Last Run               Last # of DB Queries
---------------------------------  -----  ---------  --------  ----------  --------------  -------------------  ----------------------
/opt/airflow/dags/poc_pipeline.py    264  0.01s             1           0  0.11s           2026-06-13T22:37:39                      10
================================================================================
[2026-06-13T22:38:39.468+0000] {manager.py:997} INFO - 
================================================================================
DAG File Processing Stats

File Path                            PID  Runtime      # DAGs    # Errors  Last Runtime    Last Run               Last # of DB Queries
---------------------------------  -----  ---------  --------  ----------  --------------  -------------------  ----------------------
/opt/airflow/dags/poc_pipeline.py    269  0.01s             1           0  0.11s           2026-06-13T22:38:09                      10
================================================================================
[2026-06-13T22:39:09.717+0000] {manager.py:997} INFO - 
================================================================================
DAG File Processing Stats

File Path                            PID  Runtime      # DAGs    # Errors  Last Runtime    Last Run               Last # of DB Queries
---------------------------------  -----  ---------  --------  ----------  --------------  -------------------  ----------------------
/opt/airflow/dags/poc_pipeline.py    274  0.00s             1           0  0.12s           2026-06-13T22:38:39                      10
================================================================================
[2026-06-13T22:39:39.935+0000] {manager.py:997} INFO - 
================================================================================
DAG File Processing Stats

File Path                            PID  Runtime      # DAGs    # Errors  Last Runtime    Last Run               Last # of DB Queries
---------------------------------  -----  ---------  --------  ----------  --------------  -------------------  ----------------------
/opt/airflow/dags/poc_pipeline.py    279  0.01s             1           0  0.11s           2026-06-13T22:39:09                      10
================================================================================
[2026-06-13T22:40:10.163+0000] {manager.py:997} INFO - 
================================================================================
DAG File Processing Stats

File Path                            PID  Runtime      # DAGs    # Errors  Last Runtime    Last Run               Last # of DB Queries
---------------------------------  -----  ---------  --------  ----------  --------------  -------------------  ----------------------
/opt/airflow/dags/poc_pipeline.py    284  0.00s             1           0  0.11s           2026-06-13T22:39:40                      10
================================================================================
[2026-06-13T22:40:40.380+0000] {manager.py:997} INFO - 
================================================================================
DAG File Processing Stats

File Path                            PID  Runtime      # DAGs    # Errors  Last Runtime    Last Run               Last # of DB Queries
---------------------------------  -----  ---------  --------  ----------  --------------  -------------------  ----------------------
/opt/airflow/dags/poc_pipeline.py    289  0.00s             1           0  0.10s           2026-06-13T22:40:10                      10
================================================================================
[2026-06-13T22:41:10.603+0000] {manager.py:997} INFO - 
================================================================================
DAG File Processing Stats

File Path                            PID  Runtime      # DAGs    # Errors  Last Runtime    Last Run               Last # of DB Queries
---------------------------------  -----  ---------  --------  ----------  --------------  -------------------  ----------------------
/opt/airflow/dags/poc_pipeline.py    294  0.00s             1           0  0.11s           2026-06-13T22:40:40                      10
================================================================================
[2026-06-13T22:41:40.856+0000] {manager.py:997} INFO - 
================================================================================
DAG File Processing Stats

File Path                            PID  Runtime      # DAGs    # Errors  Last Runtime    Last Run               Last # of DB Queries
---------------------------------  -----  ---------  --------  ----------  --------------  -------------------  ----------------------
/opt/airflow/dags/poc_pipeline.py    299  0.01s             1           0  0.10s           2026-06-13T22:41:10                      10
================================================================================
[2026-06-13T22:42:11.061+0000] {manager.py:997} INFO - 
================================================================================
DAG File Processing Stats

File Path                            PID  Runtime      # DAGs    # Errors  Last Runtime    Last Run               Last # of DB Queries
---------------------------------  -----  ---------  --------  ----------  --------------  -------------------  ----------------------
/opt/airflow/dags/poc_pipeline.py    304  0.00s             1           0  0.12s           2026-06-13T22:41:40                      10
================================================================================
[2026-06-13T22:42:41.339+0000] {manager.py:997} INFO - 
================================================================================
DAG File Processing Stats

File Path                            PID  Runtime      # DAGs    # Errors  Last Runtime    Last Run               Last # of DB Queries
---------------------------------  -----  ---------  --------  ----------  --------------  -------------------  ----------------------
/opt/airflow/dags/poc_pipeline.py    309  0.01s             1           0  0.10s           2026-06-13T22:42:11                      10
================================================================================
[2026-06-13T22:43:05.493+0000] {manager.py:821} INFO - Searching for files in /opt/airflow/dags
[2026-06-13T22:43:05.505+0000] {manager.py:824} INFO - There are 1 files in /opt/airflow/dags
[2026-06-13T22:43:11.565+0000] {manager.py:997} INFO - 
================================================================================
DAG File Processing Stats

File Path                            PID  Runtime      # DAGs    # Errors  Last Runtime    Last Run               Last # of DB Queries
---------------------------------  -----  ---------  --------  ----------  --------------  -------------------  ----------------------
/opt/airflow/dags/poc_pipeline.py    314  0.01s             1           0  0.10s           2026-06-13T22:42:41                      10
================================================================================
[2026-06-13T22:43:41.806+0000] {manager.py:997} INFO - 
================================================================================
DAG File Processing Stats

File Path                            PID  Runtime      # DAGs    # Errors  Last Runtime    Last Run               Last # of DB Queries
---------------------------------  -----  ---------  --------  ----------  --------------  -------------------  ----------------------
/opt/airflow/dags/poc_pipeline.py    319  0.01s             1           0  0.10s           2026-06-13T22:43:11                      10
================================================================================
[2026-06-13T22:44:12.009+0000] {manager.py:997} INFO - 
================================================================================
DAG File Processing Stats

File Path                            PID  Runtime      # DAGs    # Errors  Last Runtime    Last Run               Last # of DB Queries
---------------------------------  -----  ---------  --------  ----------  --------------  -------------------  ----------------------
/opt/airflow/dags/poc_pipeline.py    324  0.00s             1           0  0.10s           2026-06-13T22:43:41                      10
================================================================================
[2026-06-13T22:44:42.244+0000] {manager.py:997} INFO - 
================================================================================
DAG File Processing Stats

File Path                            PID  Runtime      # DAGs    # Errors  Last Runtime    Last Run               Last # of DB Queries
---------------------------------  -----  ---------  --------  ----------  --------------  -------------------  ----------------------
/opt/airflow/dags/poc_pipeline.py    329  0.00s             1           0  0.11s           2026-06-13T22:44:12                      10
================================================================================
[2026-06-13T22:45:12.466+0000] {manager.py:997} INFO - 
================================================================================
DAG File Processing Stats

File Path                            PID  Runtime      # DAGs    # Errors  Last Runtime    Last Run               Last # of DB Queries
---------------------------------  -----  ---------  --------  ----------  --------------  -------------------  ----------------------
/opt/airflow/dags/poc_pipeline.py    334  0.00s             1           0  0.10s           2026-06-13T22:44:42                      10
================================================================================
[2026-06-13T22:45:42.721+0000] {manager.py:997} INFO - 
================================================================================
DAG File Processing Stats

File Path                            PID  Runtime      # DAGs    # Errors  Last Runtime    Last Run               Last # of DB Queries
---------------------------------  -----  ---------  --------  ----------  --------------  -------------------  ----------------------
/opt/airflow/dags/poc_pipeline.py    339  0.00s             1           0  0.10s           2026-06-13T22:45:12                      10
================================================================================
[2026-06-13T22:46:12.924+0000] {manager.py:997} INFO - 
================================================================================
DAG File Processing Stats

File Path                            PID  Runtime      # DAGs    # Errors  Last Runtime    Last Run               Last # of DB Queries
---------------------------------  -----  ---------  --------  ----------  --------------  -------------------  ----------------------
/opt/airflow/dags/poc_pipeline.py    344  0.01s             1           0  0.10s           2026-06-13T22:45:42                      10
================================================================================
[2026-06-13T22:46:43.178+0000] {manager.py:997} INFO - 
================================================================================
DAG File Processing Stats

File Path                            PID  Runtime      # DAGs    # Errors  Last Runtime    Last Run               Last # of DB Queries
---------------------------------  -----  ---------  --------  ----------  --------------  -------------------  ----------------------
/opt/airflow/dags/poc_pipeline.py    349  0.01s             1           0  0.12s           2026-06-13T22:46:13                      10
================================================================================
[2026-06-13T22:47:13.400+0000] {manager.py:997} INFO - 
================================================================================
DAG File Processing Stats

File Path                            PID  Runtime      # DAGs    # Errors  Last Runtime    Last Run               Last # of DB Queries
---------------------------------  -----  ---------  --------  ----------  --------------  -------------------  ----------------------
/opt/airflow/dags/poc_pipeline.py    354  0.01s             1           0  0.10s           2026-06-13T22:46:43                      10
================================================================================
[2026-06-13T22:47:43.634+0000] {manager.py:997} INFO - 
================================================================================
DAG File Processing Stats

File Path                            PID  Runtime      # DAGs    # Errors  Last Runtime    Last Run               Last # of DB Queries
---------------------------------  -----  ---------  --------  ----------  --------------  -------------------  ----------------------
/opt/airflow/dags/poc_pipeline.py    359  0.00s             1           0  0.10s           2026-06-13T22:47:13                      10
================================================================================
[2026-06-13T22:48:05.777+0000] {manager.py:821} INFO - Searching for files in /opt/airflow/dags
[2026-06-13T22:48:05.791+0000] {manager.py:824} INFO - There are 1 files in /opt/airflow/dags
[2026-06-13T22:48:13.867+0000] {manager.py:997} INFO - 
================================================================================
DAG File Processing Stats

File Path                            PID  Runtime      # DAGs    # Errors  Last Runtime    Last Run               Last # of DB Queries
---------------------------------  -----  ---------  --------  ----------  --------------  -------------------  ----------------------
/opt/airflow/dags/poc_pipeline.py    364  0.01s             1           0  0.10s           2026-06-13T22:47:43                      10
================================================================================
[2026-06-13T22:48:44.115+0000] {manager.py:997} INFO - 
================================================================================
DAG File Processing Stats

File Path                            PID  Runtime      # DAGs    # Errors  Last Runtime    Last Run               Last # of DB Queries
---------------------------------  -----  ---------  --------  ----------  --------------  -------------------  ----------------------
/opt/airflow/dags/poc_pipeline.py    369  0.01s             1           0  0.12s           2026-06-13T22:48:13                      10
================================================================================
[2026-06-13T22:49:14.350+0000] {manager.py:997} INFO - 
================================================================================
DAG File Processing Stats

File Path                            PID  Runtime      # DAGs    # Errors  Last Runtime    Last Run               Last # of DB Queries
---------------------------------  -----  ---------  --------  ----------  --------------  -------------------  ----------------------
/opt/airflow/dags/poc_pipeline.py    374  0.00s             1           0  0.11s           2026-06-13T22:48:44                      10
================================================================================
[2026-06-13T22:49:44.576+0000] {manager.py:997} INFO - 
================================================================================
DAG File Processing Stats

File Path                            PID  Runtime      # DAGs    # Errors  Last Runtime    Last Run               Last # of DB Queries
---------------------------------  -----  ---------  --------  ----------  --------------  -------------------  ----------------------
/opt/airflow/dags/poc_pipeline.py    379  0.01s             1           0  0.10s           2026-06-13T22:49:14                      10
================================================================================
[2026-06-13T22:50:14.823+0000] {manager.py:997} INFO - 
================================================================================
DAG File Processing Stats

File Path                            PID  Runtime      # DAGs    # Errors  Last Runtime    Last Run               Last # of DB Queries
---------------------------------  -----  ---------  --------  ----------  --------------  -------------------  ----------------------
/opt/airflow/dags/poc_pipeline.py    384  0.01s             1           0  0.10s           2026-06-13T22:49:44                      10
================================================================================
[2026-06-13T22:50:45.030+0000] {manager.py:997} INFO - 
================================================================================
DAG File Processing Stats

File Path                            PID  Runtime      # DAGs    # Errors  Last Runtime    Last Run               Last # of DB Queries
---------------------------------  -----  ---------  --------  ----------  --------------  -------------------  ----------------------
/opt/airflow/dags/poc_pipeline.py    389  0.01s             1           0  0.11s           2026-06-13T22:50:14                      10
================================================================================
[2026-06-13T22:51:15.284+0000] {manager.py:997} INFO - 
================================================================================
DAG File Processing Stats

File Path                            PID  Runtime      # DAGs    # Errors  Last Runtime    Last Run               Last # of DB Queries
---------------------------------  -----  ---------  --------  ----------  --------------  -------------------  ----------------------
/opt/airflow/dags/poc_pipeline.py    394  0.00s             1           0  0.11s           2026-06-13T22:50:45                      10
================================================================================
[2026-06-13T22:51:45.489+0000] {manager.py:997} INFO - 
================================================================================
DAG File Processing Stats

File Path                            PID  Runtime      # DAGs    # Errors  Last Runtime    Last Run               Last # of DB Queries
---------------------------------  -----  ---------  --------  ----------  --------------  -------------------  ----------------------
/opt/airflow/dags/poc_pipeline.py    399  0.00s             1           0  0.10s           2026-06-13T22:51:15                      10
================================================================================
[2026-06-13T22:52:15.737+0000] {manager.py:997} INFO - 
================================================================================
DAG File Processing Stats

File Path                            PID  Runtime      # DAGs    # Errors  Last Runtime    Last Run               Last # of DB Queries
---------------------------------  -----  ---------  --------  ----------  --------------  -------------------  ----------------------
/opt/airflow/dags/poc_pipeline.py    404  0.01s             1           0  0.11s           2026-06-13T22:51:45                      10
================================================================================
[2026-06-13T22:52:45.966+0000] {manager.py:997} INFO - 
================================================================================
DAG File Processing Stats

File Path                            PID  Runtime      # DAGs    # Errors  Last Runtime    Last Run               Last # of DB Queries
---------------------------------  -----  ---------  --------  ----------  --------------  -------------------  ----------------------
/opt/airflow/dags/poc_pipeline.py    409  0.00s             1           0  0.11s           2026-06-13T22:52:15                      10
================================================================================
[2026-06-13T22:53:06.129+0000] {manager.py:821} INFO - Searching for files in /opt/airflow/dags
[2026-06-13T22:53:06.143+0000] {manager.py:824} INFO - There are 1 files in /opt/airflow/dags
[2026-06-13T22:53:16.228+0000] {manager.py:997} INFO - 
================================================================================
DAG File Processing Stats

File Path                            PID  Runtime      # DAGs    # Errors  Last Runtime    Last Run               Last # of DB Queries
---------------------------------  -----  ---------  --------  ----------  --------------  -------------------  ----------------------
/opt/airflow/dags/poc_pipeline.py    414  0.01s             1           0  0.10s           2026-06-13T22:52:46                      10
================================================================================
[2026-06-13T22:53:46.441+0000] {manager.py:997} INFO - 
================================================================================
DAG File Processing Stats

File Path                            PID  Runtime      # DAGs    # Errors  Last Runtime    Last Run               Last # of DB Queries
---------------------------------  -----  ---------  --------  ----------  --------------  -------------------  ----------------------
/opt/airflow/dags/poc_pipeline.py    419  0.00s             1           0  0.12s           2026-06-13T22:53:16                      10
================================================================================
[2026-06-13T22:54:16.699+0000] {manager.py:997} INFO - 
================================================================================
DAG File Processing Stats

File Path                            PID  Runtime      # DAGs    # Errors  Last Runtime    Last Run               Last # of DB Queries
---------------------------------  -----  ---------  --------  ----------  --------------  -------------------  ----------------------
/opt/airflow/dags/poc_pipeline.py    424  0.01s             1           0  0.10s           2026-06-13T22:53:46                      10
================================================================================
[2026-06-13T22:54:46.914+0000] {manager.py:997} INFO - 
================================================================================
DAG File Processing Stats

File Path                            PID  Runtime      # DAGs    # Errors  Last Runtime    Last Run               Last # of DB Queries
---------------------------------  -----  ---------  --------  ----------  --------------  -------------------  ----------------------
/opt/airflow/dags/poc_pipeline.py    429  0.00s             1           0  0.10s           2026-06-13T22:54:16                      10
================================================================================
[2026-06-13T22:55:17.160+0000] {manager.py:997} INFO - 
================================================================================
DAG File Processing Stats

File Path                            PID  Runtime      # DAGs    # Errors  Last Runtime    Last Run               Last # of DB Queries
---------------------------------  -----  ---------  --------  ----------  --------------  -------------------  ----------------------
/opt/airflow/dags/poc_pipeline.py    434  0.00s             1           0  0.11s           2026-06-13T22:54:47                      10
================================================================================
[2026-06-13T22:55:47.365+0000] {manager.py:997} INFO - 
================================================================================
DAG File Processing Stats

File Path                            PID  Runtime      # DAGs    # Errors  Last Runtime    Last Run               Last # of DB Queries
---------------------------------  -----  ---------  --------  ----------  --------------  -------------------  ----------------------
/opt/airflow/dags/poc_pipeline.py    439  0.00s             1           0  0.10s           2026-06-13T22:55:17                      10
================================================================================
[2026-06-13T22:56:17.619+0000] {manager.py:997} INFO - 
================================================================================
DAG File Processing Stats

File Path                            PID  Runtime      # DAGs    # Errors  Last Runtime    Last Run               Last # of DB Queries
---------------------------------  -----  ---------  --------  ----------  --------------  -------------------  ----------------------
/opt/airflow/dags/poc_pipeline.py    444  0.01s             1           0  0.09s           2026-06-13T22:55:47                      10
================================================================================
[2026-06-13T22:56:47.820+0000] {manager.py:997} INFO - 
================================================================================
DAG File Processing Stats

File Path                            PID  Runtime      # DAGs    # Errors  Last Runtime    Last Run               Last # of DB Queries
---------------------------------  -----  ---------  --------  ----------  --------------  -------------------  ----------------------
/opt/airflow/dags/poc_pipeline.py    449  0.01s             1           0  0.10s           2026-06-13T22:56:17                      10
================================================================================
[2026-06-13T22:57:18.073+0000] {manager.py:997} INFO - 
================================================================================
DAG File Processing Stats

File Path                            PID  Runtime      # DAGs    # Errors  Last Runtime    Last Run               Last # of DB Queries
---------------------------------  -----  ---------  --------  ----------  --------------  -------------------  ----------------------
/opt/airflow/dags/poc_pipeline.py    454  0.01s             1           0  0.10s           2026-06-13T22:56:47                      10
================================================================================
[2026-06-13T22:57:48.286+0000] {manager.py:997} INFO - 
================================================================================
DAG File Processing Stats

File Path                            PID  Runtime      # DAGs    # Errors  Last Runtime    Last Run               Last # of DB Queries
---------------------------------  -----  ---------  --------  ----------  --------------  -------------------  ----------------------
/opt/airflow/dags/poc_pipeline.py    459  0.01s             1           0  0.11s           2026-06-13T22:57:18                      10
================================================================================
[2026-06-13T22:58:06.465+0000] {manager.py:821} INFO - Searching for files in /opt/airflow/dags
[2026-06-13T22:58:06.479+0000] {manager.py:824} INFO - There are 1 files in /opt/airflow/dags
[2026-06-13T22:58:18.579+0000] {manager.py:997} INFO - 
================================================================================
DAG File Processing Stats

File Path                            PID  Runtime      # DAGs    # Errors  Last Runtime    Last Run               Last # of DB Queries
---------------------------------  -----  ---------  --------  ----------  --------------  -------------------  ----------------------
/opt/airflow/dags/poc_pipeline.py    464  0.00s             1           0  0.10s           2026-06-13T22:57:48                      10
================================================================================
[2026-06-13T22:58:48.781+0000] {manager.py:997} INFO - 
================================================================================
DAG File Processing Stats

File Path                            PID  Runtime      # DAGs    # Errors  Last Runtime    Last Run               Last # of DB Queries
---------------------------------  -----  ---------  --------  ----------  --------------  -------------------  ----------------------
/opt/airflow/dags/poc_pipeline.py    469  0.00s             1           0  0.10s           2026-06-13T22:58:18                      10
================================================================================
[2026-06-13T22:59:19.037+0000] {manager.py:997} INFO - 
================================================================================
DAG File Processing Stats

File Path                            PID  Runtime      # DAGs    # Errors  Last Runtime    Last Run               Last # of DB Queries
---------------------------------  -----  ---------  --------  ----------  --------------  -------------------  ----------------------
/opt/airflow/dags/poc_pipeline.py    474  0.01s             1           0  0.10s           2026-06-13T22:58:48                      10
================================================================================
[2026-06-13T22:59:49.243+0000] {manager.py:997} INFO - 
================================================================================
DAG File Processing Stats

File Path                            PID  Runtime      # DAGs    # Errors  Last Runtime    Last Run               Last # of DB Queries
---------------------------------  -----  ---------  --------  ----------  --------------  -------------------  ----------------------
/opt/airflow/dags/poc_pipeline.py    479  0.00s             1           0  0.10s           2026-06-13T22:59:19                      10
================================================================================
[2026-06-13T22:59:49.633+0000] {manager.py:465} INFO - Exiting gracefully upon receiving signal 15
