[2026-06-13T22:28:04.333+0000] {processor.py:186} INFO - Started process (PID=158) to work on /opt/airflow/dags/poc_pipeline.py
[2026-06-13T22:28:04.333+0000] {processor.py:914} INFO - Processing file /opt/airflow/dags/poc_pipeline.py for tasks to queue
[2026-06-13T22:28:04.335+0000] {logging_mixin.py:190} INFO - [2026-06-13T22:28:04.334+0000] {dagbag.py:588} INFO - Filling up the DagBag from /opt/airflow/dags/poc_pipeline.py
[2026-06-13T22:28:04.362+0000] {processor.py:925} INFO - DAG(s) 'marketing_batch_poc' retrieved from /opt/airflow/dags/poc_pipeline.py
[2026-06-13T22:28:04.540+0000] {logging_mixin.py:190} INFO - [2026-06-13T22:28:04.540+0000] {override.py:1930} INFO - Created Permission View: can edit on DAG:marketing_batch_poc
[2026-06-13T22:28:04.547+0000] {logging_mixin.py:190} INFO - [2026-06-13T22:28:04.547+0000] {override.py:1930} INFO - Created Permission View: can read on DAG:marketing_batch_poc
[2026-06-13T22:28:04.553+0000] {logging_mixin.py:190} INFO - [2026-06-13T22:28:04.553+0000] {override.py:1930} INFO - Created Permission View: can delete on DAG:marketing_batch_poc
[2026-06-13T22:28:04.558+0000] {logging_mixin.py:190} INFO - [2026-06-13T22:28:04.558+0000] {override.py:1930} INFO - Created Permission View: can create on DAG Run:marketing_batch_poc
[2026-06-13T22:28:04.563+0000] {logging_mixin.py:190} INFO - [2026-06-13T22:28:04.563+0000] {override.py:1930} INFO - Created Permission View: menu access on DAG Run:marketing_batch_poc
[2026-06-13T22:28:04.568+0000] {logging_mixin.py:190} INFO - [2026-06-13T22:28:04.568+0000] {override.py:1930} INFO - Created Permission View: can read on DAG Run:marketing_batch_poc
[2026-06-13T22:28:04.573+0000] {logging_mixin.py:190} INFO - [2026-06-13T22:28:04.573+0000] {override.py:1930} INFO - Created Permission View: can delete on DAG Run:marketing_batch_poc
[2026-06-13T22:28:04.574+0000] {logging_mixin.py:190} INFO - [2026-06-13T22:28:04.573+0000] {dag.py:3239} INFO - Sync 1 DAGs
[2026-06-13T22:28:04.586+0000] {logging_mixin.py:190} INFO - [2026-06-13T22:28:04.586+0000] {dag.py:3262} INFO - Creating ORM DAG for marketing_batch_poc
[2026-06-13T22:28:04.587+0000] {logging_mixin.py:190} INFO - [2026-06-13T22:28:04.587+0000] {dag.py:4180} INFO - Setting next_dagrun for marketing_batch_poc to None, run_after=None
[2026-06-13T22:28:04.599+0000] {processor.py:208} INFO - Processing /opt/airflow/dags/poc_pipeline.py took 0.271 seconds
[2026-06-13T22:28:34.791+0000] {processor.py:186} INFO - Started process (PID=163) to work on /opt/airflow/dags/poc_pipeline.py
[2026-06-13T22:28:34.792+0000] {processor.py:914} INFO - Processing file /opt/airflow/dags/poc_pipeline.py for tasks to queue
[2026-06-13T22:28:34.794+0000] {logging_mixin.py:190} INFO - [2026-06-13T22:28:34.793+0000] {dagbag.py:588} INFO - Filling up the DagBag from /opt/airflow/dags/poc_pipeline.py
[2026-06-13T22:28:34.808+0000] {processor.py:925} INFO - DAG(s) 'marketing_batch_poc' retrieved from /opt/airflow/dags/poc_pipeline.py
[2026-06-13T22:28:34.838+0000] {logging_mixin.py:190} INFO - [2026-06-13T22:28:34.838+0000] {dag.py:3239} INFO - Sync 1 DAGs
[2026-06-13T22:28:34.849+0000] {logging_mixin.py:190} INFO - [2026-06-13T22:28:34.849+0000] {dag.py:4180} INFO - Setting next_dagrun for marketing_batch_poc to None, run_after=None
[2026-06-13T22:28:34.863+0000] {processor.py:208} INFO - Processing /opt/airflow/dags/poc_pipeline.py took 0.076 seconds
[2026-06-13T22:29:04.992+0000] {processor.py:186} INFO - Started process (PID=168) to work on /opt/airflow/dags/poc_pipeline.py
[2026-06-13T22:29:04.993+0000] {processor.py:914} INFO - Processing file /opt/airflow/dags/poc_pipeline.py for tasks to queue
[2026-06-13T22:29:04.995+0000] {logging_mixin.py:190} INFO - [2026-06-13T22:29:04.995+0000] {dagbag.py:588} INFO - Filling up the DagBag from /opt/airflow/dags/poc_pipeline.py
[2026-06-13T22:29:05.011+0000] {processor.py:925} INFO - DAG(s) 'marketing_batch_poc' retrieved from /opt/airflow/dags/poc_pipeline.py
[2026-06-13T22:29:05.043+0000] {logging_mixin.py:190} INFO - [2026-06-13T22:29:05.043+0000] {dag.py:3239} INFO - Sync 1 DAGs
[2026-06-13T22:29:05.055+0000] {logging_mixin.py:190} INFO - [2026-06-13T22:29:05.055+0000] {dag.py:4180} INFO - Setting next_dagrun for marketing_batch_poc to None, run_after=None
[2026-06-13T22:29:05.075+0000] {processor.py:208} INFO - Processing /opt/airflow/dags/poc_pipeline.py took 0.088 seconds
[2026-06-13T22:29:35.246+0000] {processor.py:186} INFO - Started process (PID=173) to work on /opt/airflow/dags/poc_pipeline.py
[2026-06-13T22:29:35.247+0000] {processor.py:914} INFO - Processing file /opt/airflow/dags/poc_pipeline.py for tasks to queue
[2026-06-13T22:29:35.249+0000] {logging_mixin.py:190} INFO - [2026-06-13T22:29:35.249+0000] {dagbag.py:588} INFO - Filling up the DagBag from /opt/airflow/dags/poc_pipeline.py
[2026-06-13T22:29:35.263+0000] {processor.py:925} INFO - DAG(s) 'marketing_batch_poc' retrieved from /opt/airflow/dags/poc_pipeline.py
[2026-06-13T22:29:35.294+0000] {logging_mixin.py:190} INFO - [2026-06-13T22:29:35.294+0000] {dag.py:3239} INFO - Sync 1 DAGs
[2026-06-13T22:29:35.306+0000] {logging_mixin.py:190} INFO - [2026-06-13T22:29:35.305+0000] {dag.py:4180} INFO - Setting next_dagrun for marketing_batch_poc to None, run_after=None
[2026-06-13T22:29:35.320+0000] {processor.py:208} INFO - Processing /opt/airflow/dags/poc_pipeline.py took 0.081 seconds
[2026-06-13T22:30:05.467+0000] {processor.py:186} INFO - Started process (PID=178) to work on /opt/airflow/dags/poc_pipeline.py
[2026-06-13T22:30:05.468+0000] {processor.py:914} INFO - Processing file /opt/airflow/dags/poc_pipeline.py for tasks to queue
[2026-06-13T22:30:05.470+0000] {logging_mixin.py:190} INFO - [2026-06-13T22:30:05.470+0000] {dagbag.py:588} INFO - Filling up the DagBag from /opt/airflow/dags/poc_pipeline.py
[2026-06-13T22:30:05.485+0000] {processor.py:925} INFO - DAG(s) 'marketing_batch_poc' retrieved from /opt/airflow/dags/poc_pipeline.py
[2026-06-13T22:30:05.510+0000] {logging_mixin.py:190} INFO - [2026-06-13T22:30:05.510+0000] {dag.py:3239} INFO - Sync 1 DAGs
[2026-06-13T22:30:05.523+0000] {logging_mixin.py:190} INFO - [2026-06-13T22:30:05.523+0000] {dag.py:4180} INFO - Setting next_dagrun for marketing_batch_poc to None, run_after=None
[2026-06-13T22:30:05.540+0000] {processor.py:208} INFO - Processing /opt/airflow/dags/poc_pipeline.py took 0.077 seconds
[2026-06-13T22:30:35.700+0000] {processor.py:186} INFO - Started process (PID=183) to work on /opt/airflow/dags/poc_pipeline.py
[2026-06-13T22:30:35.701+0000] {processor.py:914} INFO - Processing file /opt/airflow/dags/poc_pipeline.py for tasks to queue
[2026-06-13T22:30:35.703+0000] {logging_mixin.py:190} INFO - [2026-06-13T22:30:35.703+0000] {dagbag.py:588} INFO - Filling up the DagBag from /opt/airflow/dags/poc_pipeline.py
[2026-06-13T22:30:35.720+0000] {processor.py:925} INFO - DAG(s) 'marketing_batch_poc' retrieved from /opt/airflow/dags/poc_pipeline.py
[2026-06-13T22:30:35.748+0000] {logging_mixin.py:190} INFO - [2026-06-13T22:30:35.748+0000] {dag.py:3239} INFO - Sync 1 DAGs
[2026-06-13T22:30:35.761+0000] {logging_mixin.py:190} INFO - [2026-06-13T22:30:35.761+0000] {dag.py:4180} INFO - Setting next_dagrun for marketing_batch_poc to None, run_after=None
[2026-06-13T22:30:35.781+0000] {processor.py:208} INFO - Processing /opt/airflow/dags/poc_pipeline.py took 0.087 seconds
[2026-06-13T22:31:05.936+0000] {processor.py:186} INFO - Started process (PID=188) to work on /opt/airflow/dags/poc_pipeline.py
[2026-06-13T22:31:05.937+0000] {processor.py:914} INFO - Processing file /opt/airflow/dags/poc_pipeline.py for tasks to queue
[2026-06-13T22:31:05.939+0000] {logging_mixin.py:190} INFO - [2026-06-13T22:31:05.939+0000] {dagbag.py:588} INFO - Filling up the DagBag from /opt/airflow/dags/poc_pipeline.py
[2026-06-13T22:31:05.955+0000] {processor.py:925} INFO - DAG(s) 'marketing_batch_poc' retrieved from /opt/airflow/dags/poc_pipeline.py
[2026-06-13T22:31:05.984+0000] {logging_mixin.py:190} INFO - [2026-06-13T22:31:05.984+0000] {dag.py:3239} INFO - Sync 1 DAGs
[2026-06-13T22:31:05.997+0000] {logging_mixin.py:190} INFO - [2026-06-13T22:31:05.997+0000] {dag.py:4180} INFO - Setting next_dagrun for marketing_batch_poc to None, run_after=None
[2026-06-13T22:31:06.011+0000] {processor.py:208} INFO - Processing /opt/airflow/dags/poc_pipeline.py took 0.079 seconds
[2026-06-13T22:31:36.189+0000] {processor.py:186} INFO - Started process (PID=193) to work on /opt/airflow/dags/poc_pipeline.py
[2026-06-13T22:31:36.190+0000] {processor.py:914} INFO - Processing file /opt/airflow/dags/poc_pipeline.py for tasks to queue
[2026-06-13T22:31:36.192+0000] {logging_mixin.py:190} INFO - [2026-06-13T22:31:36.192+0000] {dagbag.py:588} INFO - Filling up the DagBag from /opt/airflow/dags/poc_pipeline.py
[2026-06-13T22:31:36.205+0000] {processor.py:925} INFO - DAG(s) 'marketing_batch_poc' retrieved from /opt/airflow/dags/poc_pipeline.py
[2026-06-13T22:31:36.228+0000] {logging_mixin.py:190} INFO - [2026-06-13T22:31:36.228+0000] {dag.py:3239} INFO - Sync 1 DAGs
[2026-06-13T22:31:36.242+0000] {logging_mixin.py:190} INFO - [2026-06-13T22:31:36.241+0000] {dag.py:4180} INFO - Setting next_dagrun for marketing_batch_poc to None, run_after=None
[2026-06-13T22:31:36.258+0000] {processor.py:208} INFO - Processing /opt/airflow/dags/poc_pipeline.py took 0.075 seconds
[2026-06-13T22:32:06.422+0000] {processor.py:186} INFO - Started process (PID=198) to work on /opt/airflow/dags/poc_pipeline.py
[2026-06-13T22:32:06.422+0000] {processor.py:914} INFO - Processing file /opt/airflow/dags/poc_pipeline.py for tasks to queue
[2026-06-13T22:32:06.424+0000] {logging_mixin.py:190} INFO - [2026-06-13T22:32:06.424+0000] {dagbag.py:588} INFO - Filling up the DagBag from /opt/airflow/dags/poc_pipeline.py
[2026-06-13T22:32:06.441+0000] {processor.py:925} INFO - DAG(s) 'marketing_batch_poc' retrieved from /opt/airflow/dags/poc_pipeline.py
[2026-06-13T22:32:06.467+0000] {logging_mixin.py:190} INFO - [2026-06-13T22:32:06.467+0000] {dag.py:3239} INFO - Sync 1 DAGs
[2026-06-13T22:32:06.480+0000] {logging_mixin.py:190} INFO - [2026-06-13T22:32:06.480+0000] {dag.py:4180} INFO - Setting next_dagrun for marketing_batch_poc to None, run_after=None
[2026-06-13T22:32:06.494+0000] {processor.py:208} INFO - Processing /opt/airflow/dags/poc_pipeline.py took 0.077 seconds
[2026-06-13T22:32:36.637+0000] {processor.py:186} INFO - Started process (PID=203) to work on /opt/airflow/dags/poc_pipeline.py
[2026-06-13T22:32:36.638+0000] {processor.py:914} INFO - Processing file /opt/airflow/dags/poc_pipeline.py for tasks to queue
[2026-06-13T22:32:36.640+0000] {logging_mixin.py:190} INFO - [2026-06-13T22:32:36.640+0000] {dagbag.py:588} INFO - Filling up the DagBag from /opt/airflow/dags/poc_pipeline.py
[2026-06-13T22:32:36.653+0000] {processor.py:925} INFO - DAG(s) 'marketing_batch_poc' retrieved from /opt/airflow/dags/poc_pipeline.py
[2026-06-13T22:32:36.682+0000] {logging_mixin.py:190} INFO - [2026-06-13T22:32:36.682+0000] {dag.py:3239} INFO - Sync 1 DAGs
[2026-06-13T22:32:36.698+0000] {logging_mixin.py:190} INFO - [2026-06-13T22:32:36.698+0000] {dag.py:4180} INFO - Setting next_dagrun for marketing_batch_poc to None, run_after=None
[2026-06-13T22:32:36.713+0000] {processor.py:208} INFO - Processing /opt/airflow/dags/poc_pipeline.py took 0.081 seconds
[2026-06-13T22:33:06.920+0000] {processor.py:186} INFO - Started process (PID=208) to work on /opt/airflow/dags/poc_pipeline.py
[2026-06-13T22:33:06.921+0000] {processor.py:914} INFO - Processing file /opt/airflow/dags/poc_pipeline.py for tasks to queue
[2026-06-13T22:33:06.924+0000] {logging_mixin.py:190} INFO - [2026-06-13T22:33:06.923+0000] {dagbag.py:588} INFO - Filling up the DagBag from /opt/airflow/dags/poc_pipeline.py
[2026-06-13T22:33:06.939+0000] {processor.py:925} INFO - DAG(s) 'marketing_batch_poc' retrieved from /opt/airflow/dags/poc_pipeline.py
[2026-06-13T22:33:06.973+0000] {logging_mixin.py:190} INFO - [2026-06-13T22:33:06.973+0000] {dag.py:3239} INFO - Sync 1 DAGs
[2026-06-13T22:33:06.986+0000] {logging_mixin.py:190} INFO - [2026-06-13T22:33:06.986+0000] {dag.py:4180} INFO - Setting next_dagrun for marketing_batch_poc to None, run_after=None
[2026-06-13T22:33:07.004+0000] {processor.py:208} INFO - Processing /opt/airflow/dags/poc_pipeline.py took 0.089 seconds
[2026-06-13T22:33:37.135+0000] {processor.py:186} INFO - Started process (PID=213) to work on /opt/airflow/dags/poc_pipeline.py
[2026-06-13T22:33:37.136+0000] {processor.py:914} INFO - Processing file /opt/airflow/dags/poc_pipeline.py for tasks to queue
[2026-06-13T22:33:37.138+0000] {logging_mixin.py:190} INFO - [2026-06-13T22:33:37.138+0000] {dagbag.py:588} INFO - Filling up the DagBag from /opt/airflow/dags/poc_pipeline.py
[2026-06-13T22:33:37.154+0000] {processor.py:925} INFO - DAG(s) 'marketing_batch_poc' retrieved from /opt/airflow/dags/poc_pipeline.py
[2026-06-13T22:33:37.177+0000] {logging_mixin.py:190} INFO - [2026-06-13T22:33:37.177+0000] {dag.py:3239} INFO - Sync 1 DAGs
[2026-06-13T22:33:37.191+0000] {logging_mixin.py:190} INFO - [2026-06-13T22:33:37.190+0000] {dag.py:4180} INFO - Setting next_dagrun for marketing_batch_poc to None, run_after=None
[2026-06-13T22:33:37.208+0000] {processor.py:208} INFO - Processing /opt/airflow/dags/poc_pipeline.py took 0.080 seconds
[2026-06-13T22:34:07.406+0000] {processor.py:186} INFO - Started process (PID=218) to work on /opt/airflow/dags/poc_pipeline.py
[2026-06-13T22:34:07.407+0000] {processor.py:914} INFO - Processing file /opt/airflow/dags/poc_pipeline.py for tasks to queue
[2026-06-13T22:34:07.409+0000] {logging_mixin.py:190} INFO - [2026-06-13T22:34:07.408+0000] {dagbag.py:588} INFO - Filling up the DagBag from /opt/airflow/dags/poc_pipeline.py
[2026-06-13T22:34:07.423+0000] {processor.py:925} INFO - DAG(s) 'marketing_batch_poc' retrieved from /opt/airflow/dags/poc_pipeline.py
[2026-06-13T22:34:07.448+0000] {logging_mixin.py:190} INFO - [2026-06-13T22:34:07.448+0000] {dag.py:3239} INFO - Sync 1 DAGs
[2026-06-13T22:34:07.459+0000] {logging_mixin.py:190} INFO - [2026-06-13T22:34:07.459+0000] {dag.py:4180} INFO - Setting next_dagrun for marketing_batch_poc to None, run_after=None
[2026-06-13T22:34:07.476+0000] {processor.py:208} INFO - Processing /opt/airflow/dags/poc_pipeline.py took 0.075 seconds
[2026-06-13T22:34:37.612+0000] {processor.py:186} INFO - Started process (PID=229) to work on /opt/airflow/dags/poc_pipeline.py
[2026-06-13T22:34:37.613+0000] {processor.py:914} INFO - Processing file /opt/airflow/dags/poc_pipeline.py for tasks to queue
[2026-06-13T22:34:37.615+0000] {logging_mixin.py:190} INFO - [2026-06-13T22:34:37.615+0000] {dagbag.py:588} INFO - Filling up the DagBag from /opt/airflow/dags/poc_pipeline.py
[2026-06-13T22:34:37.630+0000] {processor.py:925} INFO - DAG(s) 'marketing_batch_poc' retrieved from /opt/airflow/dags/poc_pipeline.py
[2026-06-13T22:34:37.661+0000] {logging_mixin.py:190} INFO - [2026-06-13T22:34:37.661+0000] {dag.py:3239} INFO - Sync 1 DAGs
[2026-06-13T22:34:37.675+0000] {logging_mixin.py:190} INFO - [2026-06-13T22:34:37.674+0000] {dag.py:4180} INFO - Setting next_dagrun for marketing_batch_poc to None, run_after=None
[2026-06-13T22:34:37.689+0000] {processor.py:208} INFO - Processing /opt/airflow/dags/poc_pipeline.py took 0.083 seconds
[2026-06-13T22:35:07.878+0000] {processor.py:186} INFO - Started process (PID=234) to work on /opt/airflow/dags/poc_pipeline.py
[2026-06-13T22:35:07.878+0000] {processor.py:914} INFO - Processing file /opt/airflow/dags/poc_pipeline.py for tasks to queue
[2026-06-13T22:35:07.881+0000] {logging_mixin.py:190} INFO - [2026-06-13T22:35:07.881+0000] {dagbag.py:588} INFO - Filling up the DagBag from /opt/airflow/dags/poc_pipeline.py
[2026-06-13T22:35:07.895+0000] {processor.py:925} INFO - DAG(s) 'marketing_batch_poc' retrieved from /opt/airflow/dags/poc_pipeline.py
[2026-06-13T22:35:07.916+0000] {logging_mixin.py:190} INFO - [2026-06-13T22:35:07.916+0000] {dag.py:3239} INFO - Sync 1 DAGs
[2026-06-13T22:35:07.927+0000] {logging_mixin.py:190} INFO - [2026-06-13T22:35:07.927+0000] {dag.py:4180} INFO - Setting next_dagrun for marketing_batch_poc to None, run_after=None
[2026-06-13T22:35:07.939+0000] {processor.py:208} INFO - Processing /opt/airflow/dags/poc_pipeline.py took 0.066 seconds
[2026-06-13T22:35:38.087+0000] {processor.py:186} INFO - Started process (PID=239) to work on /opt/airflow/dags/poc_pipeline.py
[2026-06-13T22:35:38.088+0000] {processor.py:914} INFO - Processing file /opt/airflow/dags/poc_pipeline.py for tasks to queue
[2026-06-13T22:35:38.091+0000] {logging_mixin.py:190} INFO - [2026-06-13T22:35:38.091+0000] {dagbag.py:588} INFO - Filling up the DagBag from /opt/airflow/dags/poc_pipeline.py
[2026-06-13T22:35:38.105+0000] {processor.py:925} INFO - DAG(s) 'marketing_batch_poc' retrieved from /opt/airflow/dags/poc_pipeline.py
[2026-06-13T22:35:38.135+0000] {logging_mixin.py:190} INFO - [2026-06-13T22:35:38.135+0000] {dag.py:3239} INFO - Sync 1 DAGs
[2026-06-13T22:35:38.147+0000] {logging_mixin.py:190} INFO - [2026-06-13T22:35:38.147+0000] {dag.py:4180} INFO - Setting next_dagrun for marketing_batch_poc to None, run_after=None
[2026-06-13T22:35:38.165+0000] {processor.py:208} INFO - Processing /opt/airflow/dags/poc_pipeline.py took 0.084 seconds
[2026-06-13T22:36:08.332+0000] {processor.py:186} INFO - Started process (PID=244) to work on /opt/airflow/dags/poc_pipeline.py
[2026-06-13T22:36:08.333+0000] {processor.py:914} INFO - Processing file /opt/airflow/dags/poc_pipeline.py for tasks to queue
[2026-06-13T22:36:08.335+0000] {logging_mixin.py:190} INFO - [2026-06-13T22:36:08.335+0000] {dagbag.py:588} INFO - Filling up the DagBag from /opt/airflow/dags/poc_pipeline.py
[2026-06-13T22:36:08.348+0000] {processor.py:925} INFO - DAG(s) 'marketing_batch_poc' retrieved from /opt/airflow/dags/poc_pipeline.py
[2026-06-13T22:36:08.378+0000] {logging_mixin.py:190} INFO - [2026-06-13T22:36:08.377+0000] {dag.py:3239} INFO - Sync 1 DAGs
[2026-06-13T22:36:08.391+0000] {logging_mixin.py:190} INFO - [2026-06-13T22:36:08.391+0000] {dag.py:4180} INFO - Setting next_dagrun for marketing_batch_poc to None, run_after=None
[2026-06-13T22:36:08.410+0000] {processor.py:208} INFO - Processing /opt/airflow/dags/poc_pipeline.py took 0.084 seconds
[2026-06-13T22:36:38.552+0000] {processor.py:186} INFO - Started process (PID=249) to work on /opt/airflow/dags/poc_pipeline.py
[2026-06-13T22:36:38.552+0000] {processor.py:914} INFO - Processing file /opt/airflow/dags/poc_pipeline.py for tasks to queue
[2026-06-13T22:36:38.554+0000] {logging_mixin.py:190} INFO - [2026-06-13T22:36:38.554+0000] {dagbag.py:588} INFO - Filling up the DagBag from /opt/airflow/dags/poc_pipeline.py
[2026-06-13T22:36:38.572+0000] {processor.py:925} INFO - DAG(s) 'marketing_batch_poc' retrieved from /opt/airflow/dags/poc_pipeline.py
[2026-06-13T22:36:38.595+0000] {logging_mixin.py:190} INFO - [2026-06-13T22:36:38.595+0000] {dag.py:3239} INFO - Sync 1 DAGs
[2026-06-13T22:36:38.605+0000] {logging_mixin.py:190} INFO - [2026-06-13T22:36:38.605+0000] {dag.py:4180} INFO - Setting next_dagrun for marketing_batch_poc to None, run_after=None
[2026-06-13T22:36:38.618+0000] {processor.py:208} INFO - Processing /opt/airflow/dags/poc_pipeline.py took 0.072 seconds
[2026-06-13T22:37:08.796+0000] {processor.py:186} INFO - Started process (PID=254) to work on /opt/airflow/dags/poc_pipeline.py
[2026-06-13T22:37:08.797+0000] {processor.py:914} INFO - Processing file /opt/airflow/dags/poc_pipeline.py for tasks to queue
[2026-06-13T22:37:08.799+0000] {logging_mixin.py:190} INFO - [2026-06-13T22:37:08.798+0000] {dagbag.py:588} INFO - Filling up the DagBag from /opt/airflow/dags/poc_pipeline.py
[2026-06-13T22:37:08.814+0000] {processor.py:925} INFO - DAG(s) 'marketing_batch_poc' retrieved from /opt/airflow/dags/poc_pipeline.py
[2026-06-13T22:37:08.841+0000] {logging_mixin.py:190} INFO - [2026-06-13T22:37:08.841+0000] {dag.py:3239} INFO - Sync 1 DAGs
[2026-06-13T22:37:08.855+0000] {logging_mixin.py:190} INFO - [2026-06-13T22:37:08.854+0000] {dag.py:4180} INFO - Setting next_dagrun for marketing_batch_poc to None, run_after=None
[2026-06-13T22:37:08.870+0000] {processor.py:208} INFO - Processing /opt/airflow/dags/poc_pipeline.py took 0.078 seconds
[2026-06-13T22:37:39.008+0000] {processor.py:186} INFO - Started process (PID=259) to work on /opt/airflow/dags/poc_pipeline.py
[2026-06-13T22:37:39.009+0000] {processor.py:914} INFO - Processing file /opt/airflow/dags/poc_pipeline.py for tasks to queue
[2026-06-13T22:37:39.011+0000] {logging_mixin.py:190} INFO - [2026-06-13T22:37:39.011+0000] {dagbag.py:588} INFO - Filling up the DagBag from /opt/airflow/dags/poc_pipeline.py
[2026-06-13T22:37:39.024+0000] {processor.py:925} INFO - DAG(s) 'marketing_batch_poc' retrieved from /opt/airflow/dags/poc_pipeline.py
[2026-06-13T22:37:39.050+0000] {logging_mixin.py:190} INFO - [2026-06-13T22:37:39.050+0000] {dag.py:3239} INFO - Sync 1 DAGs
[2026-06-13T22:37:39.062+0000] {logging_mixin.py:190} INFO - [2026-06-13T22:37:39.062+0000] {dag.py:4180} INFO - Setting next_dagrun for marketing_batch_poc to None, run_after=None
[2026-06-13T22:37:39.078+0000] {processor.py:208} INFO - Processing /opt/airflow/dags/poc_pipeline.py took 0.077 seconds
[2026-06-13T22:38:09.278+0000] {processor.py:186} INFO - Started process (PID=264) to work on /opt/airflow/dags/poc_pipeline.py
[2026-06-13T22:38:09.278+0000] {processor.py:914} INFO - Processing file /opt/airflow/dags/poc_pipeline.py for tasks to queue
[2026-06-13T22:38:09.281+0000] {logging_mixin.py:190} INFO - [2026-06-13T22:38:09.280+0000] {dagbag.py:588} INFO - Filling up the DagBag from /opt/airflow/dags/poc_pipeline.py
[2026-06-13T22:38:09.295+0000] {processor.py:925} INFO - DAG(s) 'marketing_batch_poc' retrieved from /opt/airflow/dags/poc_pipeline.py
[2026-06-13T22:38:09.321+0000] {logging_mixin.py:190} INFO - [2026-06-13T22:38:09.321+0000] {dag.py:3239} INFO - Sync 1 DAGs
[2026-06-13T22:38:09.336+0000] {logging_mixin.py:190} INFO - [2026-06-13T22:38:09.335+0000] {dag.py:4180} INFO - Setting next_dagrun for marketing_batch_poc to None, run_after=None
[2026-06-13T22:38:09.354+0000] {processor.py:208} INFO - Processing /opt/airflow/dags/poc_pipeline.py took 0.081 seconds
[2026-06-13T22:38:39.484+0000] {processor.py:186} INFO - Started process (PID=269) to work on /opt/airflow/dags/poc_pipeline.py
[2026-06-13T22:38:39.485+0000] {processor.py:914} INFO - Processing file /opt/airflow/dags/poc_pipeline.py for tasks to queue
[2026-06-13T22:38:39.488+0000] {logging_mixin.py:190} INFO - [2026-06-13T22:38:39.488+0000] {dagbag.py:588} INFO - Filling up the DagBag from /opt/airflow/dags/poc_pipeline.py
[2026-06-13T22:38:39.503+0000] {processor.py:925} INFO - DAG(s) 'marketing_batch_poc' retrieved from /opt/airflow/dags/poc_pipeline.py
[2026-06-13T22:38:39.530+0000] {logging_mixin.py:190} INFO - [2026-06-13T22:38:39.530+0000] {dag.py:3239} INFO - Sync 1 DAGs
[2026-06-13T22:38:39.543+0000] {logging_mixin.py:190} INFO - [2026-06-13T22:38:39.543+0000] {dag.py:4180} INFO - Setting next_dagrun for marketing_batch_poc to None, run_after=None
[2026-06-13T22:38:39.561+0000] {processor.py:208} INFO - Processing /opt/airflow/dags/poc_pipeline.py took 0.082 seconds
[2026-06-13T22:39:09.733+0000] {processor.py:186} INFO - Started process (PID=274) to work on /opt/airflow/dags/poc_pipeline.py
[2026-06-13T22:39:09.734+0000] {processor.py:914} INFO - Processing file /opt/airflow/dags/poc_pipeline.py for tasks to queue
[2026-06-13T22:39:09.737+0000] {logging_mixin.py:190} INFO - [2026-06-13T22:39:09.737+0000] {dagbag.py:588} INFO - Filling up the DagBag from /opt/airflow/dags/poc_pipeline.py
[2026-06-13T22:39:09.750+0000] {processor.py:925} INFO - DAG(s) 'marketing_batch_poc' retrieved from /opt/airflow/dags/poc_pipeline.py
[2026-06-13T22:39:09.774+0000] {logging_mixin.py:190} INFO - [2026-06-13T22:39:09.774+0000] {dag.py:3239} INFO - Sync 1 DAGs
[2026-06-13T22:39:09.787+0000] {logging_mixin.py:190} INFO - [2026-06-13T22:39:09.787+0000] {dag.py:4180} INFO - Setting next_dagrun for marketing_batch_poc to None, run_after=None
[2026-06-13T22:39:09.808+0000] {processor.py:208} INFO - Processing /opt/airflow/dags/poc_pipeline.py took 0.080 seconds
[2026-06-13T22:39:39.949+0000] {processor.py:186} INFO - Started process (PID=279) to work on /opt/airflow/dags/poc_pipeline.py
[2026-06-13T22:39:39.950+0000] {processor.py:914} INFO - Processing file /opt/airflow/dags/poc_pipeline.py for tasks to queue
[2026-06-13T22:39:39.953+0000] {logging_mixin.py:190} INFO - [2026-06-13T22:39:39.952+0000] {dagbag.py:588} INFO - Filling up the DagBag from /opt/airflow/dags/poc_pipeline.py
[2026-06-13T22:39:39.969+0000] {processor.py:925} INFO - DAG(s) 'marketing_batch_poc' retrieved from /opt/airflow/dags/poc_pipeline.py
[2026-06-13T22:39:39.993+0000] {logging_mixin.py:190} INFO - [2026-06-13T22:39:39.993+0000] {dag.py:3239} INFO - Sync 1 DAGs
[2026-06-13T22:39:40.003+0000] {logging_mixin.py:190} INFO - [2026-06-13T22:39:40.003+0000] {dag.py:4180} INFO - Setting next_dagrun for marketing_batch_poc to None, run_after=None
[2026-06-13T22:39:40.018+0000] {processor.py:208} INFO - Processing /opt/airflow/dags/poc_pipeline.py took 0.073 seconds
[2026-06-13T22:40:10.178+0000] {processor.py:186} INFO - Started process (PID=284) to work on /opt/airflow/dags/poc_pipeline.py
[2026-06-13T22:40:10.179+0000] {processor.py:914} INFO - Processing file /opt/airflow/dags/poc_pipeline.py for tasks to queue
[2026-06-13T22:40:10.181+0000] {logging_mixin.py:190} INFO - [2026-06-13T22:40:10.181+0000] {dagbag.py:588} INFO - Filling up the DagBag from /opt/airflow/dags/poc_pipeline.py
[2026-06-13T22:40:10.196+0000] {processor.py:925} INFO - DAG(s) 'marketing_batch_poc' retrieved from /opt/airflow/dags/poc_pipeline.py
[2026-06-13T22:40:10.219+0000] {logging_mixin.py:190} INFO - [2026-06-13T22:40:10.219+0000] {dag.py:3239} INFO - Sync 1 DAGs
[2026-06-13T22:40:10.230+0000] {logging_mixin.py:190} INFO - [2026-06-13T22:40:10.230+0000] {dag.py:4180} INFO - Setting next_dagrun for marketing_batch_poc to None, run_after=None
[2026-06-13T22:40:10.246+0000] {processor.py:208} INFO - Processing /opt/airflow/dags/poc_pipeline.py took 0.074 seconds
[2026-06-13T22:40:40.400+0000] {processor.py:186} INFO - Started process (PID=289) to work on /opt/airflow/dags/poc_pipeline.py
[2026-06-13T22:40:40.401+0000] {processor.py:914} INFO - Processing file /opt/airflow/dags/poc_pipeline.py for tasks to queue
[2026-06-13T22:40:40.402+0000] {logging_mixin.py:190} INFO - [2026-06-13T22:40:40.402+0000] {dagbag.py:588} INFO - Filling up the DagBag from /opt/airflow/dags/poc_pipeline.py
[2026-06-13T22:40:40.416+0000] {processor.py:925} INFO - DAG(s) 'marketing_batch_poc' retrieved from /opt/airflow/dags/poc_pipeline.py
[2026-06-13T22:40:40.442+0000] {logging_mixin.py:190} INFO - [2026-06-13T22:40:40.442+0000] {dag.py:3239} INFO - Sync 1 DAGs
[2026-06-13T22:40:40.453+0000] {logging_mixin.py:190} INFO - [2026-06-13T22:40:40.453+0000] {dag.py:4180} INFO - Setting next_dagrun for marketing_batch_poc to None, run_after=None
[2026-06-13T22:40:40.470+0000] {processor.py:208} INFO - Processing /opt/airflow/dags/poc_pipeline.py took 0.075 seconds
[2026-06-13T22:41:10.620+0000] {processor.py:186} INFO - Started process (PID=294) to work on /opt/airflow/dags/poc_pipeline.py
[2026-06-13T22:41:10.621+0000] {processor.py:914} INFO - Processing file /opt/airflow/dags/poc_pipeline.py for tasks to queue
[2026-06-13T22:41:10.623+0000] {logging_mixin.py:190} INFO - [2026-06-13T22:41:10.622+0000] {dagbag.py:588} INFO - Filling up the DagBag from /opt/airflow/dags/poc_pipeline.py
[2026-06-13T22:41:10.636+0000] {processor.py:925} INFO - DAG(s) 'marketing_batch_poc' retrieved from /opt/airflow/dags/poc_pipeline.py
[2026-06-13T22:41:10.663+0000] {logging_mixin.py:190} INFO - [2026-06-13T22:41:10.662+0000] {dag.py:3239} INFO - Sync 1 DAGs
[2026-06-13T22:41:10.675+0000] {logging_mixin.py:190} INFO - [2026-06-13T22:41:10.675+0000] {dag.py:4180} INFO - Setting next_dagrun for marketing_batch_poc to None, run_after=None
[2026-06-13T22:41:10.692+0000] {processor.py:208} INFO - Processing /opt/airflow/dags/poc_pipeline.py took 0.078 seconds
[2026-06-13T22:41:40.872+0000] {processor.py:186} INFO - Started process (PID=299) to work on /opt/airflow/dags/poc_pipeline.py
[2026-06-13T22:41:40.873+0000] {processor.py:914} INFO - Processing file /opt/airflow/dags/poc_pipeline.py for tasks to queue
[2026-06-13T22:41:40.876+0000] {logging_mixin.py:190} INFO - [2026-06-13T22:41:40.876+0000] {dagbag.py:588} INFO - Filling up the DagBag from /opt/airflow/dags/poc_pipeline.py
[2026-06-13T22:41:40.891+0000] {processor.py:925} INFO - DAG(s) 'marketing_batch_poc' retrieved from /opt/airflow/dags/poc_pipeline.py
[2026-06-13T22:41:40.919+0000] {logging_mixin.py:190} INFO - [2026-06-13T22:41:40.919+0000] {dag.py:3239} INFO - Sync 1 DAGs
[2026-06-13T22:41:40.933+0000] {logging_mixin.py:190} INFO - [2026-06-13T22:41:40.933+0000] {dag.py:4180} INFO - Setting next_dagrun for marketing_batch_poc to None, run_after=None
[2026-06-13T22:41:40.955+0000] {processor.py:208} INFO - Processing /opt/airflow/dags/poc_pipeline.py took 0.089 seconds
[2026-06-13T22:42:11.078+0000] {processor.py:186} INFO - Started process (PID=304) to work on /opt/airflow/dags/poc_pipeline.py
[2026-06-13T22:42:11.078+0000] {processor.py:914} INFO - Processing file /opt/airflow/dags/poc_pipeline.py for tasks to queue
[2026-06-13T22:42:11.080+0000] {logging_mixin.py:190} INFO - [2026-06-13T22:42:11.080+0000] {dagbag.py:588} INFO - Filling up the DagBag from /opt/airflow/dags/poc_pipeline.py
[2026-06-13T22:42:11.094+0000] {processor.py:925} INFO - DAG(s) 'marketing_batch_poc' retrieved from /opt/airflow/dags/poc_pipeline.py
[2026-06-13T22:42:11.118+0000] {logging_mixin.py:190} INFO - [2026-06-13T22:42:11.118+0000] {dag.py:3239} INFO - Sync 1 DAGs
[2026-06-13T22:42:11.129+0000] {logging_mixin.py:190} INFO - [2026-06-13T22:42:11.129+0000] {dag.py:4180} INFO - Setting next_dagrun for marketing_batch_poc to None, run_after=None
[2026-06-13T22:42:11.145+0000] {processor.py:208} INFO - Processing /opt/airflow/dags/poc_pipeline.py took 0.073 seconds
[2026-06-13T22:42:41.354+0000] {processor.py:186} INFO - Started process (PID=309) to work on /opt/airflow/dags/poc_pipeline.py
[2026-06-13T22:42:41.355+0000] {processor.py:914} INFO - Processing file /opt/airflow/dags/poc_pipeline.py for tasks to queue
[2026-06-13T22:42:41.356+0000] {logging_mixin.py:190} INFO - [2026-06-13T22:42:41.356+0000] {dagbag.py:588} INFO - Filling up the DagBag from /opt/airflow/dags/poc_pipeline.py
[2026-06-13T22:42:41.368+0000] {processor.py:925} INFO - DAG(s) 'marketing_batch_poc' retrieved from /opt/airflow/dags/poc_pipeline.py
[2026-06-13T22:42:41.396+0000] {logging_mixin.py:190} INFO - [2026-06-13T22:42:41.395+0000] {dag.py:3239} INFO - Sync 1 DAGs
[2026-06-13T22:42:41.408+0000] {logging_mixin.py:190} INFO - [2026-06-13T22:42:41.408+0000] {dag.py:4180} INFO - Setting next_dagrun for marketing_batch_poc to None, run_after=None
[2026-06-13T22:42:41.421+0000] {processor.py:208} INFO - Processing /opt/airflow/dags/poc_pipeline.py took 0.073 seconds
[2026-06-13T22:43:11.578+0000] {processor.py:186} INFO - Started process (PID=314) to work on /opt/airflow/dags/poc_pipeline.py
[2026-06-13T22:43:11.579+0000] {processor.py:914} INFO - Processing file /opt/airflow/dags/poc_pipeline.py for tasks to queue
[2026-06-13T22:43:11.582+0000] {logging_mixin.py:190} INFO - [2026-06-13T22:43:11.581+0000] {dagbag.py:588} INFO - Filling up the DagBag from /opt/airflow/dags/poc_pipeline.py
[2026-06-13T22:43:11.593+0000] {processor.py:925} INFO - DAG(s) 'marketing_batch_poc' retrieved from /opt/airflow/dags/poc_pipeline.py
[2026-06-13T22:43:11.617+0000] {logging_mixin.py:190} INFO - [2026-06-13T22:43:11.616+0000] {dag.py:3239} INFO - Sync 1 DAGs
[2026-06-13T22:43:11.628+0000] {logging_mixin.py:190} INFO - [2026-06-13T22:43:11.628+0000] {dag.py:4180} INFO - Setting next_dagrun for marketing_batch_poc to None, run_after=None
[2026-06-13T22:43:11.646+0000] {processor.py:208} INFO - Processing /opt/airflow/dags/poc_pipeline.py took 0.072 seconds
[2026-06-13T22:43:41.821+0000] {processor.py:186} INFO - Started process (PID=319) to work on /opt/airflow/dags/poc_pipeline.py
[2026-06-13T22:43:41.822+0000] {processor.py:914} INFO - Processing file /opt/airflow/dags/poc_pipeline.py for tasks to queue
[2026-06-13T22:43:41.825+0000] {logging_mixin.py:190} INFO - [2026-06-13T22:43:41.824+0000] {dagbag.py:588} INFO - Filling up the DagBag from /opt/airflow/dags/poc_pipeline.py
[2026-06-13T22:43:41.839+0000] {processor.py:925} INFO - DAG(s) 'marketing_batch_poc' retrieved from /opt/airflow/dags/poc_pipeline.py
[2026-06-13T22:43:41.863+0000] {logging_mixin.py:190} INFO - [2026-06-13T22:43:41.862+0000] {dag.py:3239} INFO - Sync 1 DAGs
[2026-06-13T22:43:41.873+0000] {logging_mixin.py:190} INFO - [2026-06-13T22:43:41.873+0000] {dag.py:4180} INFO - Setting next_dagrun for marketing_batch_poc to None, run_after=None
[2026-06-13T22:43:41.890+0000] {processor.py:208} INFO - Processing /opt/airflow/dags/poc_pipeline.py took 0.074 seconds
[2026-06-13T22:44:12.025+0000] {processor.py:186} INFO - Started process (PID=324) to work on /opt/airflow/dags/poc_pipeline.py
[2026-06-13T22:44:12.027+0000] {processor.py:914} INFO - Processing file /opt/airflow/dags/poc_pipeline.py for tasks to queue
[2026-06-13T22:44:12.029+0000] {logging_mixin.py:190} INFO - [2026-06-13T22:44:12.029+0000] {dagbag.py:588} INFO - Filling up the DagBag from /opt/airflow/dags/poc_pipeline.py
[2026-06-13T22:44:12.044+0000] {processor.py:925} INFO - DAG(s) 'marketing_batch_poc' retrieved from /opt/airflow/dags/poc_pipeline.py
[2026-06-13T22:44:12.070+0000] {logging_mixin.py:190} INFO - [2026-06-13T22:44:12.069+0000] {dag.py:3239} INFO - Sync 1 DAGs
[2026-06-13T22:44:12.082+0000] {logging_mixin.py:190} INFO - [2026-06-13T22:44:12.082+0000] {dag.py:4180} INFO - Setting next_dagrun for marketing_batch_poc to None, run_after=None
[2026-06-13T22:44:12.100+0000] {processor.py:208} INFO - Processing /opt/airflow/dags/poc_pipeline.py took 0.080 seconds
[2026-06-13T22:44:42.259+0000] {processor.py:186} INFO - Started process (PID=329) to work on /opt/airflow/dags/poc_pipeline.py
[2026-06-13T22:44:42.260+0000] {processor.py:914} INFO - Processing file /opt/airflow/dags/poc_pipeline.py for tasks to queue
[2026-06-13T22:44:42.262+0000] {logging_mixin.py:190} INFO - [2026-06-13T22:44:42.262+0000] {dagbag.py:588} INFO - Filling up the DagBag from /opt/airflow/dags/poc_pipeline.py
[2026-06-13T22:44:42.277+0000] {processor.py:925} INFO - DAG(s) 'marketing_batch_poc' retrieved from /opt/airflow/dags/poc_pipeline.py
[2026-06-13T22:44:42.303+0000] {logging_mixin.py:190} INFO - [2026-06-13T22:44:42.302+0000] {dag.py:3239} INFO - Sync 1 DAGs
[2026-06-13T22:44:42.314+0000] {logging_mixin.py:190} INFO - [2026-06-13T22:44:42.313+0000] {dag.py:4180} INFO - Setting next_dagrun for marketing_batch_poc to None, run_after=None
[2026-06-13T22:44:42.331+0000] {processor.py:208} INFO - Processing /opt/airflow/dags/poc_pipeline.py took 0.077 seconds
[2026-06-13T22:45:12.481+0000] {processor.py:186} INFO - Started process (PID=334) to work on /opt/airflow/dags/poc_pipeline.py
[2026-06-13T22:45:12.482+0000] {processor.py:914} INFO - Processing file /opt/airflow/dags/poc_pipeline.py for tasks to queue
[2026-06-13T22:45:12.484+0000] {logging_mixin.py:190} INFO - [2026-06-13T22:45:12.484+0000] {dagbag.py:588} INFO - Filling up the DagBag from /opt/airflow/dags/poc_pipeline.py
[2026-06-13T22:45:12.496+0000] {processor.py:925} INFO - DAG(s) 'marketing_batch_poc' retrieved from /opt/airflow/dags/poc_pipeline.py
[2026-06-13T22:45:12.522+0000] {logging_mixin.py:190} INFO - [2026-06-13T22:45:12.521+0000] {dag.py:3239} INFO - Sync 1 DAGs
[2026-06-13T22:45:12.534+0000] {logging_mixin.py:190} INFO - [2026-06-13T22:45:12.533+0000] {dag.py:4180} INFO - Setting next_dagrun for marketing_batch_poc to None, run_after=None
[2026-06-13T22:45:12.548+0000] {processor.py:208} INFO - Processing /opt/airflow/dags/poc_pipeline.py took 0.072 seconds
[2026-06-13T22:45:42.735+0000] {processor.py:186} INFO - Started process (PID=339) to work on /opt/airflow/dags/poc_pipeline.py
[2026-06-13T22:45:42.736+0000] {processor.py:914} INFO - Processing file /opt/airflow/dags/poc_pipeline.py for tasks to queue
[2026-06-13T22:45:42.738+0000] {logging_mixin.py:190} INFO - [2026-06-13T22:45:42.738+0000] {dagbag.py:588} INFO - Filling up the DagBag from /opt/airflow/dags/poc_pipeline.py
[2026-06-13T22:45:42.753+0000] {processor.py:925} INFO - DAG(s) 'marketing_batch_poc' retrieved from /opt/airflow/dags/poc_pipeline.py
[2026-06-13T22:45:42.783+0000] {logging_mixin.py:190} INFO - [2026-06-13T22:45:42.783+0000] {dag.py:3239} INFO - Sync 1 DAGs
[2026-06-13T22:45:42.795+0000] {logging_mixin.py:190} INFO - [2026-06-13T22:45:42.795+0000] {dag.py:4180} INFO - Setting next_dagrun for marketing_batch_poc to None, run_after=None
[2026-06-13T22:45:42.810+0000] {processor.py:208} INFO - Processing /opt/airflow/dags/poc_pipeline.py took 0.080 seconds
[2026-06-13T22:46:12.942+0000] {processor.py:186} INFO - Started process (PID=344) to work on /opt/airflow/dags/poc_pipeline.py
[2026-06-13T22:46:12.943+0000] {processor.py:914} INFO - Processing file /opt/airflow/dags/poc_pipeline.py for tasks to queue
[2026-06-13T22:46:12.946+0000] {logging_mixin.py:190} INFO - [2026-06-13T22:46:12.946+0000] {dagbag.py:588} INFO - Filling up the DagBag from /opt/airflow/dags/poc_pipeline.py
[2026-06-13T22:46:12.964+0000] {processor.py:925} INFO - DAG(s) 'marketing_batch_poc' retrieved from /opt/airflow/dags/poc_pipeline.py
[2026-06-13T22:46:12.989+0000] {logging_mixin.py:190} INFO - [2026-06-13T22:46:12.989+0000] {dag.py:3239} INFO - Sync 1 DAGs
[2026-06-13T22:46:13.000+0000] {logging_mixin.py:190} INFO - [2026-06-13T22:46:13.000+0000] {dag.py:4180} INFO - Setting next_dagrun for marketing_batch_poc to None, run_after=None
[2026-06-13T22:46:13.016+0000] {processor.py:208} INFO - Processing /opt/airflow/dags/poc_pipeline.py took 0.082 seconds
[2026-06-13T22:46:43.192+0000] {processor.py:186} INFO - Started process (PID=349) to work on /opt/airflow/dags/poc_pipeline.py
[2026-06-13T22:46:43.193+0000] {processor.py:914} INFO - Processing file /opt/airflow/dags/poc_pipeline.py for tasks to queue
[2026-06-13T22:46:43.195+0000] {logging_mixin.py:190} INFO - [2026-06-13T22:46:43.195+0000] {dagbag.py:588} INFO - Filling up the DagBag from /opt/airflow/dags/poc_pipeline.py
[2026-06-13T22:46:43.208+0000] {processor.py:925} INFO - DAG(s) 'marketing_batch_poc' retrieved from /opt/airflow/dags/poc_pipeline.py
[2026-06-13T22:46:43.231+0000] {logging_mixin.py:190} INFO - [2026-06-13T22:46:43.230+0000] {dag.py:3239} INFO - Sync 1 DAGs
[2026-06-13T22:46:43.243+0000] {logging_mixin.py:190} INFO - [2026-06-13T22:46:43.243+0000] {dag.py:4180} INFO - Setting next_dagrun for marketing_batch_poc to None, run_after=None
[2026-06-13T22:46:43.260+0000] {processor.py:208} INFO - Processing /opt/airflow/dags/poc_pipeline.py took 0.073 seconds
[2026-06-13T22:47:13.414+0000] {processor.py:186} INFO - Started process (PID=354) to work on /opt/airflow/dags/poc_pipeline.py
[2026-06-13T22:47:13.415+0000] {processor.py:914} INFO - Processing file /opt/airflow/dags/poc_pipeline.py for tasks to queue
[2026-06-13T22:47:13.419+0000] {logging_mixin.py:190} INFO - [2026-06-13T22:47:13.419+0000] {dagbag.py:588} INFO - Filling up the DagBag from /opt/airflow/dags/poc_pipeline.py
[2026-06-13T22:47:13.435+0000] {processor.py:925} INFO - DAG(s) 'marketing_batch_poc' retrieved from /opt/airflow/dags/poc_pipeline.py
[2026-06-13T22:47:13.458+0000] {logging_mixin.py:190} INFO - [2026-06-13T22:47:13.458+0000] {dag.py:3239} INFO - Sync 1 DAGs
[2026-06-13T22:47:13.468+0000] {logging_mixin.py:190} INFO - [2026-06-13T22:47:13.468+0000] {dag.py:4180} INFO - Setting next_dagrun for marketing_batch_poc to None, run_after=None
[2026-06-13T22:47:13.481+0000] {processor.py:208} INFO - Processing /opt/airflow/dags/poc_pipeline.py took 0.072 seconds
[2026-06-13T22:47:43.650+0000] {processor.py:186} INFO - Started process (PID=359) to work on /opt/airflow/dags/poc_pipeline.py
[2026-06-13T22:47:43.651+0000] {processor.py:914} INFO - Processing file /opt/airflow/dags/poc_pipeline.py for tasks to queue
[2026-06-13T22:47:43.653+0000] {logging_mixin.py:190} INFO - [2026-06-13T22:47:43.653+0000] {dagbag.py:588} INFO - Filling up the DagBag from /opt/airflow/dags/poc_pipeline.py
[2026-06-13T22:47:43.666+0000] {processor.py:925} INFO - DAG(s) 'marketing_batch_poc' retrieved from /opt/airflow/dags/poc_pipeline.py
[2026-06-13T22:47:43.692+0000] {logging_mixin.py:190} INFO - [2026-06-13T22:47:43.691+0000] {dag.py:3239} INFO - Sync 1 DAGs
[2026-06-13T22:47:43.707+0000] {logging_mixin.py:190} INFO - [2026-06-13T22:47:43.707+0000] {dag.py:4180} INFO - Setting next_dagrun for marketing_batch_poc to None, run_after=None
[2026-06-13T22:47:43.723+0000] {processor.py:208} INFO - Processing /opt/airflow/dags/poc_pipeline.py took 0.077 seconds
[2026-06-13T22:48:13.884+0000] {processor.py:186} INFO - Started process (PID=364) to work on /opt/airflow/dags/poc_pipeline.py
[2026-06-13T22:48:13.885+0000] {processor.py:914} INFO - Processing file /opt/airflow/dags/poc_pipeline.py for tasks to queue
[2026-06-13T22:48:13.887+0000] {logging_mixin.py:190} INFO - [2026-06-13T22:48:13.887+0000] {dagbag.py:588} INFO - Filling up the DagBag from /opt/airflow/dags/poc_pipeline.py
[2026-06-13T22:48:13.904+0000] {processor.py:925} INFO - DAG(s) 'marketing_batch_poc' retrieved from /opt/airflow/dags/poc_pipeline.py
[2026-06-13T22:48:13.934+0000] {logging_mixin.py:190} INFO - [2026-06-13T22:48:13.934+0000] {dag.py:3239} INFO - Sync 1 DAGs
[2026-06-13T22:48:13.947+0000] {logging_mixin.py:190} INFO - [2026-06-13T22:48:13.947+0000] {dag.py:4180} INFO - Setting next_dagrun for marketing_batch_poc to None, run_after=None
[2026-06-13T22:48:13.965+0000] {processor.py:208} INFO - Processing /opt/airflow/dags/poc_pipeline.py took 0.088 seconds
[2026-06-13T22:48:44.131+0000] {processor.py:186} INFO - Started process (PID=369) to work on /opt/airflow/dags/poc_pipeline.py
[2026-06-13T22:48:44.132+0000] {processor.py:914} INFO - Processing file /opt/airflow/dags/poc_pipeline.py for tasks to queue
[2026-06-13T22:48:44.134+0000] {logging_mixin.py:190} INFO - [2026-06-13T22:48:44.134+0000] {dagbag.py:588} INFO - Filling up the DagBag from /opt/airflow/dags/poc_pipeline.py
[2026-06-13T22:48:44.152+0000] {processor.py:925} INFO - DAG(s) 'marketing_batch_poc' retrieved from /opt/airflow/dags/poc_pipeline.py
[2026-06-13T22:48:44.177+0000] {logging_mixin.py:190} INFO - [2026-06-13T22:48:44.177+0000] {dag.py:3239} INFO - Sync 1 DAGs
[2026-06-13T22:48:44.189+0000] {logging_mixin.py:190} INFO - [2026-06-13T22:48:44.189+0000] {dag.py:4180} INFO - Setting next_dagrun for marketing_batch_poc to None, run_after=None
[2026-06-13T22:48:44.205+0000] {processor.py:208} INFO - Processing /opt/airflow/dags/poc_pipeline.py took 0.080 seconds
[2026-06-13T22:49:14.368+0000] {processor.py:186} INFO - Started process (PID=374) to work on /opt/airflow/dags/poc_pipeline.py
[2026-06-13T22:49:14.369+0000] {processor.py:914} INFO - Processing file /opt/airflow/dags/poc_pipeline.py for tasks to queue
[2026-06-13T22:49:14.371+0000] {logging_mixin.py:190} INFO - [2026-06-13T22:49:14.371+0000] {dagbag.py:588} INFO - Filling up the DagBag from /opt/airflow/dags/poc_pipeline.py
[2026-06-13T22:49:14.384+0000] {processor.py:925} INFO - DAG(s) 'marketing_batch_poc' retrieved from /opt/airflow/dags/poc_pipeline.py
[2026-06-13T22:49:14.408+0000] {logging_mixin.py:190} INFO - [2026-06-13T22:49:14.408+0000] {dag.py:3239} INFO - Sync 1 DAGs
[2026-06-13T22:49:14.418+0000] {logging_mixin.py:190} INFO - [2026-06-13T22:49:14.418+0000] {dag.py:4180} INFO - Setting next_dagrun for marketing_batch_poc to None, run_after=None
[2026-06-13T22:49:14.432+0000] {processor.py:208} INFO - Processing /opt/airflow/dags/poc_pipeline.py took 0.071 seconds
[2026-06-13T22:49:44.589+0000] {processor.py:186} INFO - Started process (PID=379) to work on /opt/airflow/dags/poc_pipeline.py
[2026-06-13T22:49:44.590+0000] {processor.py:914} INFO - Processing file /opt/airflow/dags/poc_pipeline.py for tasks to queue
[2026-06-13T22:49:44.592+0000] {logging_mixin.py:190} INFO - [2026-06-13T22:49:44.591+0000] {dagbag.py:588} INFO - Filling up the DagBag from /opt/airflow/dags/poc_pipeline.py
[2026-06-13T22:49:44.608+0000] {processor.py:925} INFO - DAG(s) 'marketing_batch_poc' retrieved from /opt/airflow/dags/poc_pipeline.py
[2026-06-13T22:49:44.635+0000] {logging_mixin.py:190} INFO - [2026-06-13T22:49:44.634+0000] {dag.py:3239} INFO - Sync 1 DAGs
[2026-06-13T22:49:44.644+0000] {logging_mixin.py:190} INFO - [2026-06-13T22:49:44.644+0000] {dag.py:4180} INFO - Setting next_dagrun for marketing_batch_poc to None, run_after=None
[2026-06-13T22:49:44.655+0000] {processor.py:208} INFO - Processing /opt/airflow/dags/poc_pipeline.py took 0.070 seconds
[2026-06-13T22:50:14.840+0000] {processor.py:186} INFO - Started process (PID=384) to work on /opt/airflow/dags/poc_pipeline.py
[2026-06-13T22:50:14.841+0000] {processor.py:914} INFO - Processing file /opt/airflow/dags/poc_pipeline.py for tasks to queue
[2026-06-13T22:50:14.844+0000] {logging_mixin.py:190} INFO - [2026-06-13T22:50:14.843+0000] {dagbag.py:588} INFO - Filling up the DagBag from /opt/airflow/dags/poc_pipeline.py
[2026-06-13T22:50:14.857+0000] {processor.py:925} INFO - DAG(s) 'marketing_batch_poc' retrieved from /opt/airflow/dags/poc_pipeline.py
[2026-06-13T22:50:14.885+0000] {logging_mixin.py:190} INFO - [2026-06-13T22:50:14.885+0000] {dag.py:3239} INFO - Sync 1 DAGs
[2026-06-13T22:50:14.898+0000] {logging_mixin.py:190} INFO - [2026-06-13T22:50:14.898+0000] {dag.py:4180} INFO - Setting next_dagrun for marketing_batch_poc to None, run_after=None
[2026-06-13T22:50:14.915+0000] {processor.py:208} INFO - Processing /opt/airflow/dags/poc_pipeline.py took 0.080 seconds
[2026-06-13T22:50:45.047+0000] {processor.py:186} INFO - Started process (PID=389) to work on /opt/airflow/dags/poc_pipeline.py
[2026-06-13T22:50:45.049+0000] {processor.py:914} INFO - Processing file /opt/airflow/dags/poc_pipeline.py for tasks to queue
[2026-06-13T22:50:45.052+0000] {logging_mixin.py:190} INFO - [2026-06-13T22:50:45.052+0000] {dagbag.py:588} INFO - Filling up the DagBag from /opt/airflow/dags/poc_pipeline.py
[2026-06-13T22:50:45.067+0000] {processor.py:925} INFO - DAG(s) 'marketing_batch_poc' retrieved from /opt/airflow/dags/poc_pipeline.py
[2026-06-13T22:50:45.091+0000] {logging_mixin.py:190} INFO - [2026-06-13T22:50:45.091+0000] {dag.py:3239} INFO - Sync 1 DAGs
[2026-06-13T22:50:45.102+0000] {logging_mixin.py:190} INFO - [2026-06-13T22:50:45.102+0000] {dag.py:4180} INFO - Setting next_dagrun for marketing_batch_poc to None, run_after=None
[2026-06-13T22:50:45.118+0000] {processor.py:208} INFO - Processing /opt/airflow/dags/poc_pipeline.py took 0.078 seconds
[2026-06-13T22:51:15.300+0000] {processor.py:186} INFO - Started process (PID=394) to work on /opt/airflow/dags/poc_pipeline.py
[2026-06-13T22:51:15.300+0000] {processor.py:914} INFO - Processing file /opt/airflow/dags/poc_pipeline.py for tasks to queue
[2026-06-13T22:51:15.303+0000] {logging_mixin.py:190} INFO - [2026-06-13T22:51:15.303+0000] {dagbag.py:588} INFO - Filling up the DagBag from /opt/airflow/dags/poc_pipeline.py
[2026-06-13T22:51:15.315+0000] {processor.py:925} INFO - DAG(s) 'marketing_batch_poc' retrieved from /opt/airflow/dags/poc_pipeline.py
[2026-06-13T22:51:15.339+0000] {logging_mixin.py:190} INFO - [2026-06-13T22:51:15.339+0000] {dag.py:3239} INFO - Sync 1 DAGs
[2026-06-13T22:51:15.349+0000] {logging_mixin.py:190} INFO - [2026-06-13T22:51:15.349+0000] {dag.py:4180} INFO - Setting next_dagrun for marketing_batch_poc to None, run_after=None
[2026-06-13T22:51:15.364+0000] {processor.py:208} INFO - Processing /opt/airflow/dags/poc_pipeline.py took 0.069 seconds
[2026-06-13T22:51:45.504+0000] {processor.py:186} INFO - Started process (PID=399) to work on /opt/airflow/dags/poc_pipeline.py
[2026-06-13T22:51:45.506+0000] {processor.py:914} INFO - Processing file /opt/airflow/dags/poc_pipeline.py for tasks to queue
[2026-06-13T22:51:45.508+0000] {logging_mixin.py:190} INFO - [2026-06-13T22:51:45.508+0000] {dagbag.py:588} INFO - Filling up the DagBag from /opt/airflow/dags/poc_pipeline.py
[2026-06-13T22:51:45.523+0000] {processor.py:925} INFO - DAG(s) 'marketing_batch_poc' retrieved from /opt/airflow/dags/poc_pipeline.py
[2026-06-13T22:51:45.553+0000] {logging_mixin.py:190} INFO - [2026-06-13T22:51:45.552+0000] {dag.py:3239} INFO - Sync 1 DAGs
[2026-06-13T22:51:45.568+0000] {logging_mixin.py:190} INFO - [2026-06-13T22:51:45.568+0000] {dag.py:4180} INFO - Setting next_dagrun for marketing_batch_poc to None, run_after=None
[2026-06-13T22:51:45.586+0000] {processor.py:208} INFO - Processing /opt/airflow/dags/poc_pipeline.py took 0.088 seconds
[2026-06-13T22:52:15.753+0000] {processor.py:186} INFO - Started process (PID=404) to work on /opt/airflow/dags/poc_pipeline.py
[2026-06-13T22:52:15.754+0000] {processor.py:914} INFO - Processing file /opt/airflow/dags/poc_pipeline.py for tasks to queue
[2026-06-13T22:52:15.756+0000] {logging_mixin.py:190} INFO - [2026-06-13T22:52:15.756+0000] {dagbag.py:588} INFO - Filling up the DagBag from /opt/airflow/dags/poc_pipeline.py
[2026-06-13T22:52:15.769+0000] {processor.py:925} INFO - DAG(s) 'marketing_batch_poc' retrieved from /opt/airflow/dags/poc_pipeline.py
[2026-06-13T22:52:15.798+0000] {logging_mixin.py:190} INFO - [2026-06-13T22:52:15.798+0000] {dag.py:3239} INFO - Sync 1 DAGs
[2026-06-13T22:52:15.808+0000] {logging_mixin.py:190} INFO - [2026-06-13T22:52:15.808+0000] {dag.py:4180} INFO - Setting next_dagrun for marketing_batch_poc to None, run_after=None
[2026-06-13T22:52:15.827+0000] {processor.py:208} INFO - Processing /opt/airflow/dags/poc_pipeline.py took 0.080 seconds
[2026-06-13T22:52:45.981+0000] {processor.py:186} INFO - Started process (PID=409) to work on /opt/airflow/dags/poc_pipeline.py
[2026-06-13T22:52:45.981+0000] {processor.py:914} INFO - Processing file /opt/airflow/dags/poc_pipeline.py for tasks to queue
[2026-06-13T22:52:45.983+0000] {logging_mixin.py:190} INFO - [2026-06-13T22:52:45.983+0000] {dagbag.py:588} INFO - Filling up the DagBag from /opt/airflow/dags/poc_pipeline.py
[2026-06-13T22:52:45.997+0000] {processor.py:925} INFO - DAG(s) 'marketing_batch_poc' retrieved from /opt/airflow/dags/poc_pipeline.py
[2026-06-13T22:52:46.025+0000] {logging_mixin.py:190} INFO - [2026-06-13T22:52:46.024+0000] {dag.py:3239} INFO - Sync 1 DAGs
[2026-06-13T22:52:46.036+0000] {logging_mixin.py:190} INFO - [2026-06-13T22:52:46.035+0000] {dag.py:4180} INFO - Setting next_dagrun for marketing_batch_poc to None, run_after=None
[2026-06-13T22:52:46.052+0000] {processor.py:208} INFO - Processing /opt/airflow/dags/poc_pipeline.py took 0.076 seconds
[2026-06-13T22:53:16.246+0000] {processor.py:186} INFO - Started process (PID=414) to work on /opt/airflow/dags/poc_pipeline.py
[2026-06-13T22:53:16.247+0000] {processor.py:914} INFO - Processing file /opt/airflow/dags/poc_pipeline.py for tasks to queue
[2026-06-13T22:53:16.250+0000] {logging_mixin.py:190} INFO - [2026-06-13T22:53:16.249+0000] {dagbag.py:588} INFO - Filling up the DagBag from /opt/airflow/dags/poc_pipeline.py
[2026-06-13T22:53:16.265+0000] {processor.py:925} INFO - DAG(s) 'marketing_batch_poc' retrieved from /opt/airflow/dags/poc_pipeline.py
[2026-06-13T22:53:16.292+0000] {logging_mixin.py:190} INFO - [2026-06-13T22:53:16.292+0000] {dag.py:3239} INFO - Sync 1 DAGs
[2026-06-13T22:53:16.310+0000] {logging_mixin.py:190} INFO - [2026-06-13T22:53:16.310+0000] {dag.py:4180} INFO - Setting next_dagrun for marketing_batch_poc to None, run_after=None
[2026-06-13T22:53:16.326+0000] {processor.py:208} INFO - Processing /opt/airflow/dags/poc_pipeline.py took 0.086 seconds
[2026-06-13T22:53:46.457+0000] {processor.py:186} INFO - Started process (PID=419) to work on /opt/airflow/dags/poc_pipeline.py
[2026-06-13T22:53:46.458+0000] {processor.py:914} INFO - Processing file /opt/airflow/dags/poc_pipeline.py for tasks to queue
[2026-06-13T22:53:46.460+0000] {logging_mixin.py:190} INFO - [2026-06-13T22:53:46.460+0000] {dagbag.py:588} INFO - Filling up the DagBag from /opt/airflow/dags/poc_pipeline.py
[2026-06-13T22:53:46.475+0000] {processor.py:925} INFO - DAG(s) 'marketing_batch_poc' retrieved from /opt/airflow/dags/poc_pipeline.py
[2026-06-13T22:53:46.500+0000] {logging_mixin.py:190} INFO - [2026-06-13T22:53:46.500+0000] {dag.py:3239} INFO - Sync 1 DAGs
[2026-06-13T22:53:46.511+0000] {logging_mixin.py:190} INFO - [2026-06-13T22:53:46.511+0000] {dag.py:4180} INFO - Setting next_dagrun for marketing_batch_poc to None, run_after=None
[2026-06-13T22:53:46.526+0000] {processor.py:208} INFO - Processing /opt/airflow/dags/poc_pipeline.py took 0.075 seconds
[2026-06-13T22:54:16.713+0000] {processor.py:186} INFO - Started process (PID=424) to work on /opt/airflow/dags/poc_pipeline.py
[2026-06-13T22:54:16.714+0000] {processor.py:914} INFO - Processing file /opt/airflow/dags/poc_pipeline.py for tasks to queue
[2026-06-13T22:54:16.717+0000] {logging_mixin.py:190} INFO - [2026-06-13T22:54:16.716+0000] {dagbag.py:588} INFO - Filling up the DagBag from /opt/airflow/dags/poc_pipeline.py
[2026-06-13T22:54:16.731+0000] {processor.py:925} INFO - DAG(s) 'marketing_batch_poc' retrieved from /opt/airflow/dags/poc_pipeline.py
[2026-06-13T22:54:16.755+0000] {logging_mixin.py:190} INFO - [2026-06-13T22:54:16.755+0000] {dag.py:3239} INFO - Sync 1 DAGs
[2026-06-13T22:54:16.768+0000] {logging_mixin.py:190} INFO - [2026-06-13T22:54:16.767+0000] {dag.py:4180} INFO - Setting next_dagrun for marketing_batch_poc to None, run_after=None
[2026-06-13T22:54:16.783+0000] {processor.py:208} INFO - Processing /opt/airflow/dags/poc_pipeline.py took 0.074 seconds
[2026-06-13T22:54:46.930+0000] {processor.py:186} INFO - Started process (PID=429) to work on /opt/airflow/dags/poc_pipeline.py
[2026-06-13T22:54:46.931+0000] {processor.py:914} INFO - Processing file /opt/airflow/dags/poc_pipeline.py for tasks to queue
[2026-06-13T22:54:46.934+0000] {logging_mixin.py:190} INFO - [2026-06-13T22:54:46.934+0000] {dagbag.py:588} INFO - Filling up the DagBag from /opt/airflow/dags/poc_pipeline.py
[2026-06-13T22:54:46.950+0000] {processor.py:925} INFO - DAG(s) 'marketing_batch_poc' retrieved from /opt/airflow/dags/poc_pipeline.py
[2026-06-13T22:54:46.978+0000] {logging_mixin.py:190} INFO - [2026-06-13T22:54:46.977+0000] {dag.py:3239} INFO - Sync 1 DAGs
[2026-06-13T22:54:46.988+0000] {logging_mixin.py:190} INFO - [2026-06-13T22:54:46.988+0000] {dag.py:4180} INFO - Setting next_dagrun for marketing_batch_poc to None, run_after=None
[2026-06-13T22:54:47.007+0000] {processor.py:208} INFO - Processing /opt/airflow/dags/poc_pipeline.py took 0.083 seconds
[2026-06-13T22:55:17.174+0000] {processor.py:186} INFO - Started process (PID=434) to work on /opt/airflow/dags/poc_pipeline.py
[2026-06-13T22:55:17.175+0000] {processor.py:914} INFO - Processing file /opt/airflow/dags/poc_pipeline.py for tasks to queue
[2026-06-13T22:55:17.177+0000] {logging_mixin.py:190} INFO - [2026-06-13T22:55:17.176+0000] {dagbag.py:588} INFO - Filling up the DagBag from /opt/airflow/dags/poc_pipeline.py
[2026-06-13T22:55:17.189+0000] {processor.py:925} INFO - DAG(s) 'marketing_batch_poc' retrieved from /opt/airflow/dags/poc_pipeline.py
[2026-06-13T22:55:17.212+0000] {logging_mixin.py:190} INFO - [2026-06-13T22:55:17.212+0000] {dag.py:3239} INFO - Sync 1 DAGs
[2026-06-13T22:55:17.224+0000] {logging_mixin.py:190} INFO - [2026-06-13T22:55:17.224+0000] {dag.py:4180} INFO - Setting next_dagrun for marketing_batch_poc to None, run_after=None
[2026-06-13T22:55:17.239+0000] {processor.py:208} INFO - Processing /opt/airflow/dags/poc_pipeline.py took 0.070 seconds
[2026-06-13T22:55:47.380+0000] {processor.py:186} INFO - Started process (PID=439) to work on /opt/airflow/dags/poc_pipeline.py
[2026-06-13T22:55:47.381+0000] {processor.py:914} INFO - Processing file /opt/airflow/dags/poc_pipeline.py for tasks to queue
[2026-06-13T22:55:47.383+0000] {logging_mixin.py:190} INFO - [2026-06-13T22:55:47.382+0000] {dagbag.py:588} INFO - Filling up the DagBag from /opt/airflow/dags/poc_pipeline.py
[2026-06-13T22:55:47.396+0000] {processor.py:925} INFO - DAG(s) 'marketing_batch_poc' retrieved from /opt/airflow/dags/poc_pipeline.py
[2026-06-13T22:55:47.421+0000] {logging_mixin.py:190} INFO - [2026-06-13T22:55:47.420+0000] {dag.py:3239} INFO - Sync 1 DAGs
[2026-06-13T22:55:47.432+0000] {logging_mixin.py:190} INFO - [2026-06-13T22:55:47.432+0000] {dag.py:4180} INFO - Setting next_dagrun for marketing_batch_poc to None, run_after=None
[2026-06-13T22:55:47.445+0000] {processor.py:208} INFO - Processing /opt/airflow/dags/poc_pipeline.py took 0.071 seconds
[2026-06-13T22:56:17.635+0000] {processor.py:186} INFO - Started process (PID=444) to work on /opt/airflow/dags/poc_pipeline.py
[2026-06-13T22:56:17.636+0000] {processor.py:914} INFO - Processing file /opt/airflow/dags/poc_pipeline.py for tasks to queue
[2026-06-13T22:56:17.637+0000] {logging_mixin.py:190} INFO - [2026-06-13T22:56:17.637+0000] {dagbag.py:588} INFO - Filling up the DagBag from /opt/airflow/dags/poc_pipeline.py
[2026-06-13T22:56:17.653+0000] {processor.py:925} INFO - DAG(s) 'marketing_batch_poc' retrieved from /opt/airflow/dags/poc_pipeline.py
[2026-06-13T22:56:17.677+0000] {logging_mixin.py:190} INFO - [2026-06-13T22:56:17.677+0000] {dag.py:3239} INFO - Sync 1 DAGs
[2026-06-13T22:56:17.688+0000] {logging_mixin.py:190} INFO - [2026-06-13T22:56:17.687+0000] {dag.py:4180} INFO - Setting next_dagrun for marketing_batch_poc to None, run_after=None
[2026-06-13T22:56:17.705+0000] {processor.py:208} INFO - Processing /opt/airflow/dags/poc_pipeline.py took 0.077 seconds
[2026-06-13T22:56:47.834+0000] {processor.py:186} INFO - Started process (PID=449) to work on /opt/airflow/dags/poc_pipeline.py
[2026-06-13T22:56:47.835+0000] {processor.py:914} INFO - Processing file /opt/airflow/dags/poc_pipeline.py for tasks to queue
[2026-06-13T22:56:47.837+0000] {logging_mixin.py:190} INFO - [2026-06-13T22:56:47.836+0000] {dagbag.py:588} INFO - Filling up the DagBag from /opt/airflow/dags/poc_pipeline.py
[2026-06-13T22:56:47.850+0000] {processor.py:925} INFO - DAG(s) 'marketing_batch_poc' retrieved from /opt/airflow/dags/poc_pipeline.py
[2026-06-13T22:56:47.875+0000] {logging_mixin.py:190} INFO - [2026-06-13T22:56:47.874+0000] {dag.py:3239} INFO - Sync 1 DAGs
[2026-06-13T22:56:47.885+0000] {logging_mixin.py:190} INFO - [2026-06-13T22:56:47.885+0000] {dag.py:4180} INFO - Setting next_dagrun for marketing_batch_poc to None, run_after=None
[2026-06-13T22:56:47.899+0000] {processor.py:208} INFO - Processing /opt/airflow/dags/poc_pipeline.py took 0.069 seconds
[2026-06-13T22:57:18.090+0000] {processor.py:186} INFO - Started process (PID=454) to work on /opt/airflow/dags/poc_pipeline.py
[2026-06-13T22:57:18.091+0000] {processor.py:914} INFO - Processing file /opt/airflow/dags/poc_pipeline.py for tasks to queue
[2026-06-13T22:57:18.093+0000] {logging_mixin.py:190} INFO - [2026-06-13T22:57:18.092+0000] {dagbag.py:588} INFO - Filling up the DagBag from /opt/airflow/dags/poc_pipeline.py
[2026-06-13T22:57:18.108+0000] {processor.py:925} INFO - DAG(s) 'marketing_batch_poc' retrieved from /opt/airflow/dags/poc_pipeline.py
[2026-06-13T22:57:18.134+0000] {logging_mixin.py:190} INFO - [2026-06-13T22:57:18.134+0000] {dag.py:3239} INFO - Sync 1 DAGs
[2026-06-13T22:57:18.144+0000] {logging_mixin.py:190} INFO - [2026-06-13T22:57:18.143+0000] {dag.py:4180} INFO - Setting next_dagrun for marketing_batch_poc to None, run_after=None
[2026-06-13T22:57:18.160+0000] {processor.py:208} INFO - Processing /opt/airflow/dags/poc_pipeline.py took 0.076 seconds
[2026-06-13T22:57:48.301+0000] {processor.py:186} INFO - Started process (PID=459) to work on /opt/airflow/dags/poc_pipeline.py
[2026-06-13T22:57:48.302+0000] {processor.py:914} INFO - Processing file /opt/airflow/dags/poc_pipeline.py for tasks to queue
[2026-06-13T22:57:48.304+0000] {logging_mixin.py:190} INFO - [2026-06-13T22:57:48.304+0000] {dagbag.py:588} INFO - Filling up the DagBag from /opt/airflow/dags/poc_pipeline.py
[2026-06-13T22:57:48.319+0000] {processor.py:925} INFO - DAG(s) 'marketing_batch_poc' retrieved from /opt/airflow/dags/poc_pipeline.py
[2026-06-13T22:57:48.343+0000] {logging_mixin.py:190} INFO - [2026-06-13T22:57:48.343+0000] {dag.py:3239} INFO - Sync 1 DAGs
[2026-06-13T22:57:48.355+0000] {logging_mixin.py:190} INFO - [2026-06-13T22:57:48.355+0000] {dag.py:4180} INFO - Setting next_dagrun for marketing_batch_poc to None, run_after=None
[2026-06-13T22:57:48.373+0000] {processor.py:208} INFO - Processing /opt/airflow/dags/poc_pipeline.py took 0.077 seconds
[2026-06-13T22:58:18.596+0000] {processor.py:186} INFO - Started process (PID=464) to work on /opt/airflow/dags/poc_pipeline.py
[2026-06-13T22:58:18.597+0000] {processor.py:914} INFO - Processing file /opt/airflow/dags/poc_pipeline.py for tasks to queue
[2026-06-13T22:58:18.599+0000] {logging_mixin.py:190} INFO - [2026-06-13T22:58:18.599+0000] {dagbag.py:588} INFO - Filling up the DagBag from /opt/airflow/dags/poc_pipeline.py
[2026-06-13T22:58:18.615+0000] {processor.py:925} INFO - DAG(s) 'marketing_batch_poc' retrieved from /opt/airflow/dags/poc_pipeline.py
[2026-06-13T22:58:18.640+0000] {logging_mixin.py:190} INFO - [2026-06-13T22:58:18.640+0000] {dag.py:3239} INFO - Sync 1 DAGs
[2026-06-13T22:58:18.653+0000] {logging_mixin.py:190} INFO - [2026-06-13T22:58:18.653+0000] {dag.py:4180} INFO - Setting next_dagrun for marketing_batch_poc to None, run_after=None
[2026-06-13T22:58:18.668+0000] {processor.py:208} INFO - Processing /opt/airflow/dags/poc_pipeline.py took 0.077 seconds
[2026-06-13T22:58:48.795+0000] {processor.py:186} INFO - Started process (PID=469) to work on /opt/airflow/dags/poc_pipeline.py
[2026-06-13T22:58:48.796+0000] {processor.py:914} INFO - Processing file /opt/airflow/dags/poc_pipeline.py for tasks to queue
[2026-06-13T22:58:48.798+0000] {logging_mixin.py:190} INFO - [2026-06-13T22:58:48.798+0000] {dagbag.py:588} INFO - Filling up the DagBag from /opt/airflow/dags/poc_pipeline.py
[2026-06-13T22:58:48.810+0000] {processor.py:925} INFO - DAG(s) 'marketing_batch_poc' retrieved from /opt/airflow/dags/poc_pipeline.py
[2026-06-13T22:58:48.835+0000] {logging_mixin.py:190} INFO - [2026-06-13T22:58:48.835+0000] {dag.py:3239} INFO - Sync 1 DAGs
[2026-06-13T22:58:48.847+0000] {logging_mixin.py:190} INFO - [2026-06-13T22:58:48.847+0000] {dag.py:4180} INFO - Setting next_dagrun for marketing_batch_poc to None, run_after=None
[2026-06-13T22:58:48.864+0000] {processor.py:208} INFO - Processing /opt/airflow/dags/poc_pipeline.py took 0.074 seconds
[2026-06-13T22:59:19.051+0000] {processor.py:186} INFO - Started process (PID=474) to work on /opt/airflow/dags/poc_pipeline.py
[2026-06-13T22:59:19.052+0000] {processor.py:914} INFO - Processing file /opt/airflow/dags/poc_pipeline.py for tasks to queue
[2026-06-13T22:59:19.055+0000] {logging_mixin.py:190} INFO - [2026-06-13T22:59:19.054+0000] {dagbag.py:588} INFO - Filling up the DagBag from /opt/airflow/dags/poc_pipeline.py
[2026-06-13T22:59:19.067+0000] {processor.py:925} INFO - DAG(s) 'marketing_batch_poc' retrieved from /opt/airflow/dags/poc_pipeline.py
[2026-06-13T22:59:19.088+0000] {logging_mixin.py:190} INFO - [2026-06-13T22:59:19.088+0000] {dag.py:3239} INFO - Sync 1 DAGs
[2026-06-13T22:59:19.100+0000] {logging_mixin.py:190} INFO - [2026-06-13T22:59:19.100+0000] {dag.py:4180} INFO - Setting next_dagrun for marketing_batch_poc to None, run_after=None
[2026-06-13T22:59:19.112+0000] {processor.py:208} INFO - Processing /opt/airflow/dags/poc_pipeline.py took 0.066 seconds
[2026-06-13T22:59:49.257+0000] {processor.py:186} INFO - Started process (PID=479) to work on /opt/airflow/dags/poc_pipeline.py
[2026-06-13T22:59:49.258+0000] {processor.py:914} INFO - Processing file /opt/airflow/dags/poc_pipeline.py for tasks to queue
[2026-06-13T22:59:49.260+0000] {logging_mixin.py:190} INFO - [2026-06-13T22:59:49.260+0000] {dagbag.py:588} INFO - Filling up the DagBag from /opt/airflow/dags/poc_pipeline.py
[2026-06-13T22:59:49.276+0000] {processor.py:925} INFO - DAG(s) 'marketing_batch_poc' retrieved from /opt/airflow/dags/poc_pipeline.py
[2026-06-13T22:59:49.307+0000] {logging_mixin.py:190} INFO - [2026-06-13T22:59:49.307+0000] {dag.py:3239} INFO - Sync 1 DAGs
[2026-06-13T22:59:49.317+0000] {logging_mixin.py:190} INFO - [2026-06-13T22:59:49.317+0000] {dag.py:4180} INFO - Setting next_dagrun for marketing_batch_poc to None, run_after=None
[2026-06-13T22:59:49.330+0000] {processor.py:208} INFO - Processing /opt/airflow/dags/poc_pipeline.py took 0.080 seconds
